{"meta": {"format": 3, "version": "7.13.4", "timestamp": "2026-02-17T18:09:28.719501", "branch_coverage": false, "show_contexts": false}, "files": {"services\\__init__.py": {"executed_lines": [6, 7, 8, 10], "summary": {"covered_lines": 4, "num_statements": 4, "percent_covered": 100.0, "percent_covered_display": "100", "missing_lines": 0, "excluded_lines": 0, "percent_statements_covered": 100.0, "percent_statements_covered_display": "100"}, "missing_lines": [], "excluded_lines": [], "functions": {"": {"executed_lines": [6, 7, 8, 10], "summary": {"covered_lines": 4, "num_statements": 4, "percent_covered": 100.0, "percent_covered_display": "100", "missing_lines": 0, "excluded_lines": 0, "percent_statements_covered": 100.0, "percent_statements_covered_display": "100"}, "missing_lines": [], "excluded_lines": [], "start_line": 1}}, "classes": {"": {"executed_lines": [6, 7, 8, 10], "summary": {"covered_lines": 4, "num_statements": 4, "percent_covered": 100.0, "percent_covered_display": "100", "missing_lines": 0, "excluded_lines": 0, "percent_statements_covered": 100.0, "percent_statements_covered_display": "100"}, "missing_lines": [], "excluded_lines": [], "start_line": 1}}}, "services\\annotation_service.py": {"executed_lines": [6, 9, 89, 100, 103, 104, 106, 107, 108, 111, 112, 113, 114, 115, 118, 119, 120, 121, 122, 125, 126, 127, 129], "summary": {"covered_lines": 23, "num_statements": 23, "percent_covered": 100.0, "percent_covered_display": "100", "missing_lines": 0, "excluded_lines": 0, "percent_statements_covered": 100.0, "percent_statements_covered_display": "100"}, "missing_lines": [], "excluded_lines": [], "functions": {"annotate_difficult_chars": {"executed_lines": [100, 103, 104, 106, 107, 108, 111, 112, 113, 114, 115, 118, 119, 120, 121, 122, 125, 126, 127, 129], "summary": {"covered_lines": 20, "num_statements": 20, "percent_covered": 100.0, "percent_covered_display": "100", "missing_lines": 0, "excluded_lines": 0, "percent_statements_covered": 100.0, "percent_statements_covered_display": "100"}, "missing_lines": [], "excluded_lines": [], "start_line": 89}, "": {"executed_lines": [6, 9, 89], "summary": {"covered_lines": 3, "num_statements": 3, "percent_covered": 100.0, "percent_covered_display": "100", "missing_lines": 0, "excluded_lines": 0, "percent_statements_covered": 100.0, "percent_statements_covered_display": "100"}, "missing_lines": [], "excluded_lines": [], "start_line": 1}}, "classes": {"": {"executed_lines": [6, 9, 89, 100, 103, 104, 106, 107, 108, 111, 112, 113, 114, 115, 118, 119, 120, 121, 122, 125, 126, 127, 129], "summary": {"covered_lines": 23, "num_statements": 23, "percent_covered": 100.0, "percent_covered_display": "100", "missing_lines": 0, "excluded_lines": 0, "percent_statements_covered": 100.0, "percent_statements_covered_display": "100"}, "missing_lines": [], "excluded_lines": [], "start_line": 1}}}, "services\\classic_service.py": {"executed_lines": [7, 8, 10, 13, 16, 19, 28, 29, 31, 33, 34, 35, 36, 37, 61, 71, 72, 73, 74, 75, 76, 79, 86, 87, 90, 97, 98, 101, 111, 112, 115, 121, 123, 130, 131, 133, 134, 136, 141, 142, 145, 147, 155, 157, 159, 160, 162, 163, 164, 165, 166, 172, 175, 176, 177, 179, 180, 183, 184, 186, 196, 197, 200, 202, 212, 214, 215, 219, 221, 222, 227, 228, 229, 232, 234, 236, 246, 256, 259, 260, 261, 263, 265, 266, 274, 275, 283, 285, 292, 293, 295, 302, 303, 305, 312, 313, 315, 322, 323, 342, 348, 350, 354, 355, 363, 364, 369, 370, 375, 376, 381, 382, 387, 388, 397, 402], "summary": {"covered_lines": 116, "num_statements": 147, "percent_covered": 78.91156462585035, "percent_covered_display": "79", "missing_lines": 31, "excluded_lines": 0, "percent_statements_covered": 78.91156462585035, "percent_statements_covered_display": "79"}, "missing_lines": [38, 40, 57, 58, 138, 139, 167, 168, 169, 170, 243, 244, 257, 352, 360, 361, 366, 367, 372, 373, 378, 379, 384, 385, 390, 391, 399, 404, 405, 406, 407], "excluded_lines": [], "functions": {"load_classics_metadata": {"executed_lines": [28, 29, 31, 33, 34, 35, 36, 37], "summary": {"covered_lines": 8, "num_statements": 12, "percent_covered": 66.66666666666667, "percent_covered_display": "67", "missing_lines": 4, "excluded_lines": 0, "percent_statements_covered": 66.66666666666667, "percent_statements_covered_display": "67"}, "missing_lines": [38, 40, 57, 58], "excluded_lines": [], "start_line": 19}, "get_classic_metadata": {"executed_lines": [71, 72, 73, 74, 75, 76], "summary": {"covered_lines": 6, "num_statements": 6, "percent_covered": 100.0, "percent_covered_display": "100", "missing_lines": 0, "excluded_lines": 0, "percent_statements_covered": 100.0, "percent_statements_covered_display": "100"}, "missing_lines": [], "excluded_lines": [], "start_line": 61}, "get_all_classics": {"executed_lines": [86, 87], "summary": {"covered_lines": 2, "num_statements": 2, "percent_covered": 100.0, "percent_covered_display": "100", "missing_lines": 0, "excluded_lines": 0, "percent_statements_covered": 100.0, "percent_statements_covered_display": "100"}, "missing_lines": [], "excluded_lines": [], "start_line": 79}, "get_default_classic_id": {"executed_lines": [97, 98], "summary": {"covered_lines": 2, "num_statements": 2, "percent_covered": 100.0, "percent_covered_display": "100", "missing_lines": 0, "excluded_lines": 0, "percent_statements_covered": 100.0, "percent_statements_covered_display": "100"}, "missing_lines": [], "excluded_lines": [], "start_line": 90}, "validate_classic_id": {"executed_lines": [111, 112], "summary": {"covered_lines": 2, "num_statements": 2, "percent_covered": 100.0, "percent_covered_display": "100", "missing_lines": 0, "excluded_lines": 0, "percent_statements_covered": 100.0, "percent_statements_covered_display": "100"}, "missing_lines": [], "excluded_lines": [], "start_line": 101}, "ClassicService.__init__": {"executed_lines": [130, 131, 133, 134, 136, 141, 142, 145], "summary": {"covered_lines": 8, "num_statements": 10, "percent_covered": 80.0, "percent_covered_display": "80", "missing_lines": 2, "excluded_lines": 0, "percent_statements_covered": 80.0, "percent_statements_covered_display": "80"}, "missing_lines": [138, 139], "excluded_lines": [], "start_line": 123}, "ClassicService.load_data": {"executed_lines": [155, 157, 159, 160, 162, 163, 164, 165, 166], "summary": {"covered_lines": 9, "num_statements": 13, "percent_covered": 69.23076923076923, "percent_covered_display": "69", "missing_lines": 4, "excluded_lines": 0, "percent_statements_covered": 69.23076923076923, "percent_statements_covered_display": "69"}, "missing_lines": [167, 168, 169, 170], "excluded_lines": [], "start_line": 147}, "ClassicService.clear_cache": {"executed_lines": [175, 176, 177], "summary": {"covered_lines": 3, "num_statements": 3, "percent_covered": 100.0, "percent_covered_display": "100", "missing_lines": 0, "excluded_lines": 0, "percent_statements_covered": 100.0, "percent_statements_covered_display": "100"}, "missing_lines": [], "excluded_lines": [], "start_line": 172}, "ClassicService.clear_all_cache": {"executed_lines": [183, 184], "summary": {"covered_lines": 2, "num_statements": 2, "percent_covered": 100.0, "percent_covered_display": "100", "missing_lines": 0, "excluded_lines": 0, "percent_statements_covered": 100.0, "percent_statements_covered_display": "100"}, "missing_lines": [], "excluded_lines": [], "start_line": 180}, "ClassicService.get_chapter": {"executed_lines": [196, 197, 200], "summary": {"covered_lines": 3, "num_statements": 3, "percent_covered": 100.0, "percent_covered_display": "100", "missing_lines": 0, "excluded_lines": 0, "percent_statements_covered": 100.0, "percent_statements_covered_display": "100"}, "missing_lines": [], "excluded_lines": [], "start_line": 186}, "ClassicService.get_chapter_with_annotation": {"executed_lines": [212, 214, 215, 219, 221, 222, 227, 228, 229, 232, 234], "summary": {"covered_lines": 11, "num_statements": 11, "percent_covered": 100.0, "percent_covered_display": "100", "missing_lines": 0, "excluded_lines": 0, "percent_statements_covered": 100.0, "percent_statements_covered_display": "100"}, "missing_lines": [], "excluded_lines": [], "start_line": 202}, "ClassicService.get_all_chapters": {"executed_lines": [], "summary": {"covered_lines": 0, "num_statements": 2, "percent_covered": 0.0, "percent_covered_display": "0", "missing_lines": 2, "excluded_lines": 0, "percent_statements_covered": 0.0, "percent_statements_covered_display": "0"}, "missing_lines": [243, 244], "excluded_lines": [], "start_line": 236}, "ClassicService.search_chapters": {"executed_lines": [256, 259, 260, 261, 263, 265, 266, 274, 275, 283], "summary": {"covered_lines": 10, "num_statements": 11, "percent_covered": 90.9090909090909, "percent_covered_display": "91", "missing_lines": 1, "excluded_lines": 0, "percent_statements_covered": 90.9090909090909, "percent_statements_covered_display": "91"}, "missing_lines": [257], "excluded_lines": [], "start_line": 246}, "ClassicService.get_commentators": {"executed_lines": [292, 293], "summary": {"covered_lines": 2, "num_statements": 2, "percent_covered": 100.0, "percent_covered_display": "100", "missing_lines": 0, "excluded_lines": 0, "percent_statements_covered": 100.0, "percent_statements_covered_display": "100"}, "missing_lines": [], "excluded_lines": [], "start_line": 285}, "ClassicService.get_translators": {"executed_lines": [302, 303], "summary": {"covered_lines": 2, "num_statements": 2, "percent_covered": 100.0, "percent_covered_display": "100", "missing_lines": 0, "excluded_lines": 0, "percent_statements_covered": 100.0, "percent_statements_covered_display": "100"}, "missing_lines": [], "excluded_lines": [], "start_line": 295}, "ClassicService.get_variants": {"executed_lines": [312, 313], "summary": {"covered_lines": 2, "num_statements": 2, "percent_covered": 100.0, "percent_covered_display": "100", "missing_lines": 0, "excluded_lines": 0, "percent_statements_covered": 100.0, "percent_statements_covered_display": "100"}, "missing_lines": [], "excluded_lines": [], "start_line": 305}, "ClassicService.to_dict": {"executed_lines": [322, 323], "summary": {"covered_lines": 2, "num_statements": 2, "percent_covered": 100.0, "percent_covered_display": "100", "missing_lines": 0, "excluded_lines": 0, "percent_statements_covered": 100.0, "percent_statements_covered_display": "100"}, "missing_lines": [], "excluded_lines": [], "start_line": 315}, "DataService.__init__": {"executed_lines": [], "summary": {"covered_lines": 0, "num_statements": 1, "percent_covered": 0.0, "percent_covered_display": "0", "missing_lines": 1, "excluded_lines": 0, "percent_statements_covered": 0.0, "percent_statements_covered_display": "0"}, "missing_lines": [352], "excluded_lines": [], "start_line": 350}, "DataService.load_data": {"executed_lines": [], "summary": {"covered_lines": 0, "num_statements": 2, "percent_covered": 0.0, "percent_covered_display": "0", "missing_lines": 2, "excluded_lines": 0, "percent_statements_covered": 0.0, "percent_statements_covered_display": "0"}, "missing_lines": [360, 361], "excluded_lines": [], "start_line": 355}, "DataService.clear_cache": {"executed_lines": [], "summary": {"covered_lines": 0, "num_statements": 2, "percent_covered": 0.0, "percent_covered_display": "0", "missing_lines": 2, "excluded_lines": 0, "percent_statements_covered": 0.0, "percent_statements_covered_display": "0"}, "missing_lines": [366, 367], "excluded_lines": [], "start_line": 364}, "DataService.get_chapter": {"executed_lines": [], "summary": {"covered_lines": 0, "num_statements": 2, "percent_covered": 0.0, "percent_covered_display": "0", "missing_lines": 2, "excluded_lines": 0, "percent_statements_covered": 0.0, "percent_statements_covered_display": "0"}, "missing_lines": [372, 373], "excluded_lines": [], "start_line": 370}, "DataService.get_chapter_with_annotation": {"executed_lines": [], "summary": {"covered_lines": 0, "num_statements": 2, "percent_covered": 0.0, "percent_covered_display": "0", "missing_lines": 2, "excluded_lines": 0, "percent_statements_covered": 0.0, "percent_statements_covered_display": "0"}, "missing_lines": [378, 379], "excluded_lines": [], "start_line": 376}, "DataService.get_all_chapters": {"executed_lines": [], "summary": {"covered_lines": 0, "num_statements": 2, "percent_covered": 0.0, "percent_covered_display": "0", "missing_lines": 2, "excluded_lines": 0, "percent_statements_covered": 0.0, "percent_statements_covered_display": "0"}, "missing_lines": [384, 385], "excluded_lines": [], "start_line": 382}, "DataService.search_chapters": {"executed_lines": [], "summary": {"covered_lines": 0, "num_statements": 2, "percent_covered": 0.0, "percent_covered_display": "0", "missing_lines": 2, "excluded_lines": 0, "percent_statements_covered": 0.0, "percent_statements_covered_display": "0"}, "missing_lines": [390, 391], "excluded_lines": [], "start_line": 388}, "load_data": {"executed_lines": [], "summary": {"covered_lines": 0, "num_statements": 1, "percent_covered": 0.0, "percent_covered_display": "0", "missing_lines": 1, "excluded_lines": 0, "percent_statements_covered": 0.0, "percent_statements_covered_display": "0"}, "missing_lines": [399], "excluded_lines": [], "start_line": 397}, "get_chapter_content": {"executed_lines": [], "summary": {"covered_lines": 0, "num_statements": 4, "percent_covered": 0.0, "percent_covered_display": "0", "missing_lines": 4, "excluded_lines": 0, "percent_statements_covered": 0.0, "percent_statements_covered_display": "0"}, "missing_lines": [404, 405, 406, 407], "excluded_lines": [], "start_line": 402}, "": {"executed_lines": [7, 8, 10, 13, 16, 19, 61, 79, 90, 101, 115, 121, 123, 147, 172, 179, 180, 186, 202, 236, 246, 285, 295, 305, 315, 342, 348, 350, 354, 355, 363, 364, 369, 370, 375, 376, 381, 382, 387, 388, 397, 402], "summary": {"covered_lines": 42, "num_statements": 42, "percent_covered": 100.0, "percent_covered_display": "100", "missing_lines": 0, "excluded_lines": 0, "percent_statements_covered": 100.0, "percent_statements_covered_display": "100"}, "missing_lines": [], "excluded_lines": [], "start_line": 1}}, "classes": {"ClassicService": {"executed_lines": [130, 131, 133, 134, 136, 141, 142, 145, 155, 157, 159, 160, 162, 163, 164, 165, 166, 175, 176, 177, 183, 184, 196, 197, 200, 212, 214, 215, 219, 221, 222, 227, 228, 229, 232, 234, 256, 259, 260, 261, 263, 265, 266, 274, 275, 283, 292, 293, 302, 303, 312, 313, 322, 323], "summary": {"covered_lines": 54, "num_statements": 63, "percent_covered": 85.71428571428571, "percent_covered_display": "86", "missing_lines": 9, "excluded_lines": 0, "percent_statements_covered": 85.71428571428571, "percent_statements_covered_display": "86"}, "missing_lines": [138, 139, 167, 168, 169, 170, 243, 244, 257], "excluded_lines": [], "start_line": 115}, "DataService": {"executed_lines": [], "summary": {"covered_lines": 0, "num_statements": 13, "percent_covered": 0.0, "percent_covered_display": "0", "missing_lines": 13, "excluded_lines": 0, "percent_statements_covered": 0.0, "percent_statements_covered_display": "0"}, "missing_lines": [352, 360, 361, 366, 367, 372, 373, 378, 379, 384, 385, 390, 391], "excluded_lines": [], "start_line": 342}, "": {"executed_lines": [7, 8, 10, 13, 16, 19, 28, 29, 31, 33, 34, 35, 36, 37, 61, 71, 72, 73, 74, 75, 76, 79, 86, 87, 90, 97, 98, 101, 111, 112, 115, 121, 123, 147, 172, 179, 180, 186, 202, 236, 246, 285, 295, 305, 315, 342, 348, 350, 354, 355, 363, 364, 369, 370, 375, 376, 381, 382, 387, 388, 397, 402], "summary": {"covered_lines": 62, "num_statements": 71, "percent_covered": 87.32394366197182, "percent_covered_display": "87", "missing_lines": 9, "excluded_lines": 0, "percent_statements_covered": 87.32394366197182, "percent_statements_covered_display": "87"}, "missing_lines": [38, 40, 57, 58, 399, 404, 405, 406, 407], "excluded_lines": [], "start_line": 1}}}, "services\\cross_civilization_dialogue.py": {"executed_lines": [7, 8, 9, 12, 15, 16, 17, 18, 21, 22, 25, 26, 27, 28, 29, 30, 31, 32, 33, 37, 210, 214, 259, 261, 263, 264, 267, 268, 278, 280, 281, 282, 283, 285, 288, 291, 292, 293, 295, 304, 305, 307, 308, 311, 314, 316, 342, 346, 348, 353, 354, 356, 357, 374, 391, 396, 406, 407, 408, 409, 410, 421, 426, 429, 433, 435, 439, 442, 443, 444, 447, 448, 449, 451, 453, 455, 458, 459, 461, 462, 464, 465, 466, 468, 470, 474, 477, 478, 479, 480, 481, 483, 487, 489, 490, 491, 502, 505, 509, 510, 513, 517, 518, 521], "summary": {"covered_lines": 104, "num_statements": 121, "percent_covered": 85.9504132231405, "percent_covered_display": "86", "missing_lines": 17, "excluded_lines": 0, "percent_statements_covered": 85.9504132231405, "percent_statements_covered_display": "86"}, "missing_lines": [265, 359, 360, 362, 363, 365, 366, 368, 369, 372, 382, 383, 384, 389, 475, 523, 524], "excluded_lines": [], "functions": {"ConceptMapper.get_correspondence": {"executed_lines": [261, 263, 264, 267, 268, 278, 280, 281, 282, 283, 285], "summary": {"covered_lines": 11, "num_statements": 12, "percent_covered": 91.66666666666667, "percent_covered_display": "92", "missing_lines": 1, "excluded_lines": 0, "percent_statements_covered": 91.66666666666667, "percent_statements_covered_display": "92"}, "missing_lines": [265], "excluded_lines": [], "start_line": 259}, "DialogueEngine.__init__": {"executed_lines": [292, 293], "summary": {"covered_lines": 2, "num_statements": 2, "percent_covered": 100.0, "percent_covered_display": "100", "missing_lines": 0, "excluded_lines": 0, "percent_statements_covered": 100.0, "percent_statements_covered_display": "100"}, "missing_lines": [], "excluded_lines": [], "start_line": 291}, "DialogueEngine.initiate_dialogue": {"executed_lines": [304, 305, 307, 308, 311, 314, 316], "summary": {"covered_lines": 7, "num_statements": 7, "percent_covered": 100.0, "percent_covered_display": "100", "missing_lines": 0, "excluded_lines": 0, "percent_statements_covered": 100.0, "percent_statements_covered_display": "100"}, "missing_lines": [], "excluded_lines": [], "start_line": 295}, "DialogueEngine._generate_dialogue_topic": {"executed_lines": [346], "summary": {"covered_lines": 1, "num_statements": 1, "percent_covered": 100.0, "percent_covered_display": "100", "missing_lines": 0, "excluded_lines": 0, "percent_statements_covered": 100.0, "percent_statements_covered_display": "100"}, "missing_lines": [], "excluded_lines": [], "start_line": 342}, "DialogueEngine._generate_opening_remark": {"executed_lines": [353, 354, 356, 357], "summary": {"covered_lines": 4, "num_statements": 13, "percent_covered": 30.76923076923077, "percent_covered_display": "31", "missing_lines": 9, "excluded_lines": 0, "percent_statements_covered": 30.76923076923077, "percent_statements_covered_display": "31"}, "missing_lines": [359, 360, 362, 363, 365, 366, 368, 369, 372], "excluded_lines": [], "start_line": 348}, "DialogueEngine.generate_exchange": {"executed_lines": [], "summary": {"covered_lines": 0, "num_statements": 4, "percent_covered": 0.0, "percent_covered_display": "0", "missing_lines": 4, "excluded_lines": 0, "percent_statements_covered": 0.0, "percent_statements_covered_display": "0"}, "missing_lines": [382, 383, 384, 389], "excluded_lines": [], "start_line": 374}, "DialogueEngine.generate_comparative_analysis": {"executed_lines": [396, 406, 407, 408, 409, 410, 421, 426, 429, 433], "summary": {"covered_lines": 10, "num_statements": 10, "percent_covered": 100.0, "percent_covered_display": "100", "missing_lines": 0, "excluded_lines": 0, "percent_statements_covered": 100.0, "percent_statements_covered_display": "100"}, "missing_lines": [], "excluded_lines": [], "start_line": 391}, "DialogueEngine._find_commonalities": {"executed_lines": [439, 442, 443, 444, 447, 448, 449, 451], "summary": {"covered_lines": 8, "num_statements": 8, "percent_covered": 100.0, "percent_covered_display": "100", "missing_lines": 0, "excluded_lines": 0, "percent_statements_covered": 100.0, "percent_statements_covered_display": "100"}, "missing_lines": [], "excluded_lines": [], "start_line": 435}, "DialogueEngine._find_differences": {"executed_lines": [455, 458, 459, 461, 462, 464, 465, 466, 468], "summary": {"covered_lines": 9, "num_statements": 9, "percent_covered": 100.0, "percent_covered_display": "100", "missing_lines": 0, "excluded_lines": 0, "percent_statements_covered": 100.0, "percent_statements_covered_display": "100"}, "missing_lines": [], "excluded_lines": [], "start_line": 453}, "DialogueEngine._generate_synthesis": {"executed_lines": [474, 477, 478, 479, 480, 481, 483], "summary": {"covered_lines": 7, "num_statements": 8, "percent_covered": 87.5, "percent_covered_display": "88", "missing_lines": 1, "excluded_lines": 0, "percent_statements_covered": 87.5, "percent_statements_covered_display": "88"}, "missing_lines": [475], "excluded_lines": [], "start_line": 470}, "get_available_philosophers": {"executed_lines": [489, 490, 491, 502], "summary": {"covered_lines": 4, "num_statements": 4, "percent_covered": 100.0, "percent_covered_display": "100", "missing_lines": 0, "excluded_lines": 0, "percent_statements_covered": 100.0, "percent_statements_covered_display": "100"}, "missing_lines": [], "excluded_lines": [], "start_line": 487}, "start_philosophy_dialogue": {"executed_lines": [509, 510], "summary": {"covered_lines": 2, "num_statements": 2, "percent_covered": 100.0, "percent_covered_display": "100", "missing_lines": 0, "excluded_lines": 0, "percent_statements_covered": 100.0, "percent_statements_covered_display": "100"}, "missing_lines": [], "excluded_lines": [], "start_line": 505}, "get_comparative_analysis": {"executed_lines": [517, 518], "summary": {"covered_lines": 2, "num_statements": 2, "percent_covered": 100.0, "percent_covered_display": "100", "missing_lines": 0, "excluded_lines": 0, "percent_statements_covered": 100.0, "percent_statements_covered_display": "100"}, "missing_lines": [], "excluded_lines": [], "start_line": 513}, "get_concept_correspondences": {"executed_lines": [], "summary": {"covered_lines": 0, "num_statements": 2, "percent_covered": 0.0, "percent_covered_display": "0", "missing_lines": 2, "excluded_lines": 0, "percent_statements_covered": 0.0, "percent_statements_covered_display": "0"}, "missing_lines": [523, 524], "excluded_lines": [], "start_line": 521}, "": {"executed_lines": [7, 8, 9, 12, 15, 16, 17, 18, 21, 22, 25, 26, 27, 28, 29, 30, 31, 32, 33, 37, 210, 214, 259, 288, 291, 295, 342, 348, 374, 391, 435, 453, 470, 487, 505, 513, 521], "summary": {"covered_lines": 37, "num_statements": 37, "percent_covered": 100.0, "percent_covered_display": "100", "missing_lines": 0, "excluded_lines": 0, "percent_statements_covered": 100.0, "percent_statements_covered_display": "100"}, "missing_lines": [], "excluded_lines": [], "start_line": 1}}, "classes": {"PhilosopherType": {"executed_lines": [], "summary": {"covered_lines": 0, "num_statements": 0, "percent_covered": 100.0, "percent_covered_display": "100", "missing_lines": 0, "excluded_lines": 0, "percent_statements_covered": 100.0, "percent_statements_covered_display": "100"}, "missing_lines": [], "excluded_lines": [], "start_line": 12}, "PhilosopherPersona": {"executed_lines": [], "summary": {"covered_lines": 0, "num_statements": 0, "percent_covered": 100.0, "percent_covered_display": "100", "missing_lines": 0, "excluded_lines": 0, "percent_statements_covered": 100.0, "percent_statements_covered_display": "100"}, "missing_lines": [], "excluded_lines": [], "start_line": 22}, "ConceptMapper": {"executed_lines": [261, 263, 264, 267, 268, 278, 280, 281, 282, 283, 285], "summary": {"covered_lines": 11, "num_statements": 12, "percent_covered": 91.66666666666667, "percent_covered_display": "92", "missing_lines": 1, "excluded_lines": 0, "percent_statements_covered": 91.66666666666667, "percent_statements_covered_display": "92"}, "missing_lines": [265], "excluded_lines": [], "start_line": 210}, "DialogueEngine": {"executed_lines": [292, 293, 304, 305, 307, 308, 311, 314, 316, 346, 353, 354, 356, 357, 396, 406, 407, 408, 409, 410, 421, 426, 429, 433, 439, 442, 443, 444, 447, 448, 449, 451, 455, 458, 459, 461, 462, 464, 465, 466, 468, 474, 477, 478, 479, 480, 481, 483], "summary": {"covered_lines": 48, "num_statements": 62, "percent_covered": 77.41935483870968, "percent_covered_display": "77", "missing_lines": 14, "excluded_lines": 0, "percent_statements_covered": 77.41935483870968, "percent_statements_covered_display": "77"}, "missing_lines": [359, 360, 362, 363, 365, 366, 368, 369, 372, 382, 383, 384, 389, 475], "excluded_lines": [], "start_line": 288}, "": {"executed_lines": [7, 8, 9, 12, 15, 16, 17, 18, 21, 22, 25, 26, 27, 28, 29, 30, 31, 32, 33, 37, 210, 214, 259, 288, 291, 295, 342, 348, 374, 391, 435, 453, 470, 487, 489, 490, 491, 502, 505, 509, 510, 513, 517, 518, 521], "summary": {"covered_lines": 45, "num_statements": 47, "percent_covered": 95.74468085106383, "percent_covered_display": "96", "missing_lines": 2, "excluded_lines": 0, "percent_statements_covered": 95.74468085106383, "percent_statements_covered_display": "96"}, "missing_lines": [523, 524], "excluded_lines": [], "start_line": 1}}}, "services\\data_service.py": {"executed_lines": [6, 7, 9, 10, 13, 16, 18, 19, 26, 27, 28, 30, 31, 32, 33, 34, 40, 41, 45, 46, 56, 57, 60, 62, 63, 73, 74, 78, 80, 85, 86, 87, 90, 92, 94, 95, 105, 106, 116, 117, 119, 120, 121, 123, 125, 126, 134, 135, 143, 147, 152], "summary": {"covered_lines": 51, "num_statements": 62, "percent_covered": 82.25806451612904, "percent_covered_display": "82", "missing_lines": 11, "excluded_lines": 0, "percent_statements_covered": 82.25806451612904, "percent_statements_covered_display": "82"}, "missing_lines": [35, 36, 37, 38, 43, 102, 103, 149, 154, 155, 156], "excluded_lines": [], "functions": {"DataService.load_data": {"executed_lines": [26, 27, 28, 30, 31, 32, 33, 34], "summary": {"covered_lines": 8, "num_statements": 12, "percent_covered": 66.66666666666667, "percent_covered_display": "67", "missing_lines": 4, "excluded_lines": 0, "percent_statements_covered": 66.66666666666667, "percent_statements_covered_display": "67"}, "missing_lines": [35, 36, 37, 38], "excluded_lines": [], "start_line": 19}, "DataService.clear_cache": {"executed_lines": [], "summary": {"covered_lines": 0, "num_statements": 1, "percent_covered": 0.0, "percent_covered_display": "0", "missing_lines": 1, "excluded_lines": 0, "percent_statements_covered": 0.0, "percent_statements_covered_display": "0"}, "missing_lines": [43], "excluded_lines": [], "start_line": 41}, "DataService.get_chapter": {"executed_lines": [56, 57, 60], "summary": {"covered_lines": 3, "num_statements": 3, "percent_covered": 100.0, "percent_covered_display": "100", "missing_lines": 0, "excluded_lines": 0, "percent_statements_covered": 100.0, "percent_statements_covered_display": "100"}, "missing_lines": [], "excluded_lines": [], "start_line": 46}, "DataService.get_chapter_with_annotation": {"executed_lines": [73, 74, 78, 80, 85, 86, 87, 90, 92], "summary": {"covered_lines": 9, "num_statements": 9, "percent_covered": 100.0, "percent_covered_display": "100", "missing_lines": 0, "excluded_lines": 0, "percent_statements_covered": 100.0, "percent_statements_covered_display": "100"}, "missing_lines": [], "excluded_lines": [], "start_line": 63}, "DataService.get_all_chapters": {"executed_lines": [], "summary": {"covered_lines": 0, "num_statements": 2, "percent_covered": 0.0, "percent_covered_display": "0", "missing_lines": 2, "excluded_lines": 0, "percent_statements_covered": 0.0, "percent_statements_covered_display": "0"}, "missing_lines": [102, 103], "excluded_lines": [], "start_line": 95}, "DataService.search_chapters": {"executed_lines": [116, 117, 119, 120, 121, 123, 125, 126, 134, 135, 143], "summary": {"covered_lines": 11, "num_statements": 11, "percent_covered": 100.0, "percent_covered_display": "100", "missing_lines": 0, "excluded_lines": 0, "percent_statements_covered": 100.0, "percent_statements_covered_display": "100"}, "missing_lines": [], "excluded_lines": [], "start_line": 106}, "load_data": {"executed_lines": [], "summary": {"covered_lines": 0, "num_statements": 1, "percent_covered": 0.0, "percent_covered_display": "0", "missing_lines": 1, "excluded_lines": 0, "percent_statements_covered": 0.0, "percent_statements_covered_display": "0"}, "missing_lines": [149], "excluded_lines": [], "start_line": 147}, "get_chapter_content": {"executed_lines": [], "summary": {"covered_lines": 0, "num_statements": 3, "percent_covered": 0.0, "percent_covered_display": "0", "missing_lines": 3, "excluded_lines": 0, "percent_statements_covered": 0.0, "percent_statements_covered_display": "0"}, "missing_lines": [154, 155, 156], "excluded_lines": [], "start_line": 152}, "": {"executed_lines": [6, 7, 9, 10, 13, 16, 18, 19, 40, 41, 45, 46, 62, 63, 94, 95, 105, 106, 147, 152], "summary": {"covered_lines": 20, "num_statements": 20, "percent_covered": 100.0, "percent_covered_display": "100", "missing_lines": 0, "excluded_lines": 0, "percent_statements_covered": 100.0, "percent_statements_covered_display": "100"}, "missing_lines": [], "excluded_lines": [], "start_line": 1}}, "classes": {"DataService": {"executed_lines": [26, 27, 28, 30, 31, 32, 33, 34, 56, 57, 60, 73, 74, 78, 80, 85, 86, 87, 90, 92, 116, 117, 119, 120, 121, 123, 125, 126, 134, 135, 143], "summary": {"covered_lines": 31, "num_statements": 38, "percent_covered": 81.57894736842105, "percent_covered_display": "82", "missing_lines": 7, "excluded_lines": 0, "percent_statements_covered": 81.57894736842105, "percent_statements_covered_display": "82"}, "missing_lines": [35, 36, 37, 38, 43, 102, 103], "excluded_lines": [], "start_line": 13}, "": {"executed_lines": [6, 7, 9, 10, 13, 16, 18, 19, 40, 41, 45, 46, 62, 63, 94, 95, 105, 106, 147, 152], "summary": {"covered_lines": 20, "num_statements": 24, "percent_covered": 83.33333333333333, "percent_covered_display": "83", "missing_lines": 4, "excluded_lines": 0, "percent_statements_covered": 83.33333333333333, "percent_statements_covered_display": "83"}, "missing_lines": [149, 154, 155, 156], "excluded_lines": [], "start_line": 1}}}, "services\\fulltext_search.py": {"executed_lines": [], "summary": {"covered_lines": 0, "num_statements": 133, "percent_covered": 0.0, "percent_covered_display": "0", "missing_lines": 133, "excluded_lines": 0, "percent_statements_covered": 0.0, "percent_statements_covered_display": "0"}, "missing_lines": [7, 8, 9, 11, 14, 20, 27, 28, 29, 31, 33, 34, 37, 38, 41, 44, 45, 48, 49, 52, 60, 61, 64, 65, 66, 69, 72, 73, 76, 77, 78, 79, 81, 85, 86, 95, 107, 108, 109, 111, 112, 114, 117, 121, 123, 134, 135, 138, 141, 142, 145, 146, 148, 159, 160, 163, 164, 167, 171, 172, 173, 174, 175, 178, 179, 182, 187, 188, 190, 191, 192, 202, 205, 211, 218, 219, 221, 228, 229, 232, 235, 238, 239, 243, 245, 246, 248, 257, 259, 262, 264, 266, 268, 271, 277, 284, 286, 299, 301, 304, 307, 314, 317, 318, 319, 320, 321, 324, 326, 327, 329, 330, 331, 336, 338, 339, 340, 343, 346, 347, 349, 351, 361, 362, 365, 366, 368, 369, 370, 371, 372, 373, 375], "excluded_lines": [], "functions": {"FullTextSearch.__init__": {"executed_lines": [], "summary": {"covered_lines": 0, "num_statements": 3, "percent_covered": 0.0, "percent_covered_display": "0", "missing_lines": 3, "excluded_lines": 0, "percent_statements_covered": 0.0, "percent_statements_covered_display": "0"}, "missing_lines": [27, 28, 29], "excluded_lines": [], "start_line": 20}, "FullTextSearch._build_index": {"executed_lines": [], "summary": {"covered_lines": 0, "num_statements": 25, "percent_covered": 0.0, "percent_covered_display": "0", "missing_lines": 25, "excluded_lines": 0, "percent_statements_covered": 0.0, "percent_statements_covered_display": "0"}, "missing_lines": [33, 34, 37, 38, 41, 44, 45, 48, 49, 52, 60, 61, 64, 65, 66, 69, 72, 73, 76, 77, 78, 79, 81, 85, 86], "excluded_lines": [], "start_line": 31}, "FullTextSearch._get_context": {"executed_lines": [], "summary": {"covered_lines": 0, "num_statements": 8, "percent_covered": 0.0, "percent_covered_display": "0", "missing_lines": 8, "excluded_lines": 0, "percent_statements_covered": 0.0, "percent_statements_covered_display": "0"}, "missing_lines": [107, 108, 109, 111, 112, 114, 117, 121], "excluded_lines": [], "start_line": 95}, "FullTextSearch._calculate_score": {"executed_lines": [], "summary": {"covered_lines": 0, "num_statements": 7, "percent_covered": 0.0, "percent_covered_display": "0", "missing_lines": 7, "excluded_lines": 0, "percent_statements_covered": 0.0, "percent_statements_covered_display": "0"}, "missing_lines": [134, 135, 138, 141, 142, 145, 146], "excluded_lines": [], "start_line": 123}, "FullTextSearch.search": {"executed_lines": [], "summary": {"covered_lines": 0, "num_statements": 19, "percent_covered": 0.0, "percent_covered_display": "0", "missing_lines": 19, "excluded_lines": 0, "percent_statements_covered": 0.0, "percent_statements_covered_display": "0"}, "missing_lines": [159, 160, 163, 164, 167, 171, 172, 173, 174, 175, 178, 179, 182, 187, 188, 190, 191, 192, 202], "excluded_lines": [], "start_line": 148}, "SearchHistoryManager.__init__": {"executed_lines": [], "summary": {"covered_lines": 0, "num_statements": 2, "percent_covered": 0.0, "percent_covered_display": "0", "missing_lines": 2, "excluded_lines": 0, "percent_statements_covered": 0.0, "percent_statements_covered_display": "0"}, "missing_lines": [218, 219], "excluded_lines": [], "start_line": 211}, "SearchHistoryManager.add_search": {"executed_lines": [], "summary": {"covered_lines": 0, "num_statements": 9, "percent_covered": 0.0, "percent_covered_display": "0", "missing_lines": 9, "excluded_lines": 0, "percent_statements_covered": 0.0, "percent_statements_covered_display": "0"}, "missing_lines": [228, 229, 232, 235, 238, 239, 243, 245, 246], "excluded_lines": [], "start_line": 221}, "SearchHistoryManager.get_history": {"executed_lines": [], "summary": {"covered_lines": 0, "num_statements": 1, "percent_covered": 0.0, "percent_covered_display": "0", "missing_lines": 1, "excluded_lines": 0, "percent_statements_covered": 0.0, "percent_statements_covered_display": "0"}, "missing_lines": [257], "excluded_lines": [], "start_line": 248}, "SearchHistoryManager.clear_history": {"executed_lines": [], "summary": {"covered_lines": 0, "num_statements": 1, "percent_covered": 0.0, "percent_covered_display": "0", "missing_lines": 1, "excluded_lines": 0, "percent_statements_covered": 0.0, "percent_statements_covered_display": "0"}, "missing_lines": [262], "excluded_lines": [], "start_line": 259}, "SearchHistoryManager._get_timestamp": {"executed_lines": [], "summary": {"covered_lines": 0, "num_statements": 2, "percent_covered": 0.0, "percent_covered_display": "0", "missing_lines": 2, "excluded_lines": 0, "percent_statements_covered": 0.0, "percent_statements_covered_display": "0"}, "missing_lines": [266, 268], "excluded_lines": [], "start_line": 264}, "PersonalizedRecommender.__init__": {"executed_lines": [], "summary": {"covered_lines": 0, "num_statements": 1, "percent_covered": 0.0, "percent_covered_display": "0", "missing_lines": 1, "excluded_lines": 0, "percent_statements_covered": 0.0, "percent_statements_covered_display": "0"}, "missing_lines": [284], "excluded_lines": [], "start_line": 277}, "PersonalizedRecommender.recommend_chapters": {"executed_lines": [], "summary": {"covered_lines": 0, "num_statements": 24, "percent_covered": 0.0, "percent_covered_display": "0", "missing_lines": 24, "excluded_lines": 0, "percent_statements_covered": 0.0, "percent_statements_covered_display": "0"}, "missing_lines": [299, 301, 304, 307, 314, 317, 318, 319, 320, 321, 324, 326, 327, 329, 330, 331, 336, 338, 339, 340, 343, 346, 347, 349], "excluded_lines": [], "start_line": 286}, "PersonalizedRecommender._get_random_recommendations": {"executed_lines": [], "summary": {"covered_lines": 0, "num_statements": 11, "percent_covered": 0.0, "percent_covered_display": "0", "missing_lines": 11, "excluded_lines": 0, "percent_statements_covered": 0.0, "percent_statements_covered_display": "0"}, "missing_lines": [361, 362, 365, 366, 368, 369, 370, 371, 372, 373, 375], "excluded_lines": [], "start_line": 351}, "": {"executed_lines": [], "summary": {"covered_lines": 0, "num_statements": 20, "percent_covered": 0.0, "percent_covered_display": "0", "missing_lines": 20, "excluded_lines": 0, "percent_statements_covered": 0.0, "percent_statements_covered_display": "0"}, "missing_lines": [7, 8, 9, 11, 14, 20, 31, 95, 123, 148, 205, 211, 221, 248, 259, 264, 271, 277, 286, 351], "excluded_lines": [], "start_line": 1}}, "classes": {"FullTextSearch": {"executed_lines": [], "summary": {"covered_lines": 0, "num_statements": 62, "percent_covered": 0.0, "percent_covered_display": "0", "missing_lines": 62, "excluded_lines": 0, "percent_statements_covered": 0.0, "percent_statements_covered_display": "0"}, "missing_lines": [27, 28, 29, 33, 34, 37, 38, 41, 44, 45, 48, 49, 52, 60, 61, 64, 65, 66, 69, 72, 73, 76, 77, 78, 79, 81, 85, 86, 107, 108, 109, 111, 112, 114, 117, 121, 134, 135, 138, 141, 142, 145, 146, 159, 160, 163, 164, 167, 171, 172, 173, 174, 175, 178, 179, 182, 187, 188, 190, 191, 192, 202], "excluded_lines": [], "start_line": 14}, "SearchHistoryManager": {"executed_lines": [], "summary": {"covered_lines": 0, "num_statements": 15, "percent_covered": 0.0, "percent_covered_display": "0", "missing_lines": 15, "excluded_lines": 0, "percent_statements_covered": 0.0, "percent_statements_covered_display": "0"}, "missing_lines": [218, 219, 228, 229, 232, 235, 238, 239, 243, 245, 246, 257, 262, 266, 268], "excluded_lines": [], "start_line": 205}, "PersonalizedRecommender": {"executed_lines": [], "summary": {"covered_lines": 0, "num_statements": 36, "percent_covered": 0.0, "percent_covered_display": "0", "missing_lines": 36, "excluded_lines": 0, "percent_statements_covered": 0.0, "percent_statements_covered_display": "0"}, "missing_lines": [284, 299, 301, 304, 307, 314, 317, 318, 319, 320, 321, 324, 326, 327, 329, 330, 331, 336, 338, 339, 340, 343, 346, 347, 349, 361, 362, 365, 366, 368, 369, 370, 371, 372, 373, 375], "excluded_lines": [], "start_line": 271}, "": {"executed_lines": [], "summary": {"covered_lines": 0, "num_statements": 20, "percent_covered": 0.0, "percent_covered_display": "0", "missing_lines": 20, "excluded_lines": 0, "percent_statements_covered": 0.0, "percent_statements_covered_display": "0"}, "missing_lines": [7, 8, 9, 11, 14, 20, 31, 95, 123, 148, 205, 211, 221, 248, 259, 264, 271, 277, 286, 351], "excluded_lines": [], "start_line": 1}}}, "services\\knowledge_graph.py": {"executed_lines": [7, 8, 9, 12, 16, 25, 34, 35, 38, 42, 44, 47, 48, 49, 52, 91, 92, 93, 96, 97, 99, 101, 103, 104, 110, 111, 112, 113, 114, 116, 119, 123, 214, 215, 217, 225, 227, 241, 243, 246, 247, 280, 281, 282, 284, 286, 288, 292, 293, 294, 295, 296, 297, 298, 300, 306, 308, 309, 310, 311, 312, 313, 315, 316, 317, 326, 328, 330, 334, 335, 336, 337, 339, 341, 343, 345, 346, 347, 348, 353, 356, 357, 358, 359, 360, 362, 364, 365, 366, 367, 368, 373, 375, 378, 379, 380, 383, 384, 385, 389, 390, 392, 393, 404, 405, 416, 417, 429, 436, 438, 439, 440, 441, 442, 443, 444, 446, 463, 465, 466, 470, 473, 474, 489, 490, 491, 492, 497, 502, 504, 512, 514, 521, 522, 523, 532, 539, 541, 542, 545, 548, 549, 551, 552, 553, 555, 558, 560, 561, 563, 569, 571, 572, 574, 575, 576, 580, 581, 582, 590], "summary": {"covered_lines": 160, "num_statements": 176, "percent_covered": 90.9090909090909, "percent_covered_display": "91", "missing_lines": 16, "excluded_lines": 0, "percent_statements_covered": 90.9090909090909, "percent_statements_covered_display": "91"}, "missing_lines": [244, 289, 331, 344, 350, 369, 370, 371, 376, 418, 419, 420, 448, 459, 471, 543], "excluded_lines": [], "functions": {"ConceptExtractor.__init__": {"executed_lines": [35, 38], "summary": {"covered_lines": 2, "num_statements": 2, "percent_covered": 100.0, "percent_covered_display": "100", "missing_lines": 0, "excluded_lines": 0, "percent_statements_covered": 100.0, "percent_statements_covered_display": "100"}, "missing_lines": [], "excluded_lines": [], "start_line": 34}, "ConceptExtractor.extract_from_chapter": {"executed_lines": [44, 47, 48, 49, 52, 91, 92, 93, 96, 97, 99], "summary": {"covered_lines": 11, "num_statements": 11, "percent_covered": 100.0, "percent_covered_display": "100", "missing_lines": 0, "excluded_lines": 0, "percent_statements_covered": 100.0, "percent_statements_covered_display": "100"}, "missing_lines": [], "excluded_lines": [], "start_line": 42}, "ConceptExtractor.build_cooccurrence_network": {"executed_lines": [103, 104, 110, 111, 112, 113, 114, 116], "summary": {"covered_lines": 8, "num_statements": 8, "percent_covered": 100.0, "percent_covered_display": "100", "missing_lines": 0, "excluded_lines": 0, "percent_statements_covered": 100.0, "percent_statements_covered_display": "100"}, "missing_lines": [], "excluded_lines": [], "start_line": 101}, "CommentryAnalyzer.__init__": {"executed_lines": [215], "summary": {"covered_lines": 1, "num_statements": 1, "percent_covered": 100.0, "percent_covered_display": "100", "missing_lines": 0, "excluded_lines": 0, "percent_statements_covered": 100.0, "percent_statements_covered_display": "100"}, "missing_lines": [], "excluded_lines": [], "start_line": 214}, "CommentryAnalyzer.analyze_commentary": {"executed_lines": [225, 227], "summary": {"covered_lines": 2, "num_statements": 2, "percent_covered": 100.0, "percent_covered_display": "100", "missing_lines": 0, "excluded_lines": 0, "percent_statements_covered": 100.0, "percent_statements_covered_display": "100"}, "missing_lines": [], "excluded_lines": [], "start_line": 217}, "CommentryAnalyzer._extract_key_concepts": {"executed_lines": [243, 246, 247, 280, 281, 282, 284], "summary": {"covered_lines": 7, "num_statements": 8, "percent_covered": 87.5, "percent_covered_display": "88", "missing_lines": 1, "excluded_lines": 0, "percent_statements_covered": 87.5, "percent_statements_covered_display": "88"}, "missing_lines": [244], "excluded_lines": [], "start_line": 241}, "CommentryAnalyzer._detect_stance": {"executed_lines": [288, 292, 293, 294, 295, 296, 297, 298], "summary": {"covered_lines": 8, "num_statements": 9, "percent_covered": 88.88888888888889, "percent_covered_display": "89", "missing_lines": 1, "excluded_lines": 0, "percent_statements_covered": 88.88888888888889, "percent_statements_covered_display": "89"}, "missing_lines": [289], "excluded_lines": [], "start_line": 286}, "CommentryAnalyzer.compare_commentators": {"executed_lines": [306, 308, 309, 310, 311, 312, 313, 315, 316, 317, 326], "summary": {"covered_lines": 11, "num_statements": 11, "percent_covered": 100.0, "percent_covered_display": "100", "missing_lines": 0, "excluded_lines": 0, "percent_statements_covered": 100.0, "percent_statements_covered_display": "100"}, "missing_lines": [], "excluded_lines": [], "start_line": 300}, "CommentryAnalyzer._calculate_similarity": {"executed_lines": [330, 334, 335, 336, 337, 339], "summary": {"covered_lines": 6, "num_statements": 7, "percent_covered": 85.71428571428571, "percent_covered_display": "86", "missing_lines": 1, "excluded_lines": 0, "percent_statements_covered": 85.71428571428571, "percent_statements_covered_display": "86"}, "missing_lines": [331], "excluded_lines": [], "start_line": 328}, "CommentryAnalyzer._determine_relationship": {"executed_lines": [343, 345, 346, 347, 348], "summary": {"covered_lines": 5, "num_statements": 7, "percent_covered": 71.42857142857143, "percent_covered_display": "71", "missing_lines": 2, "excluded_lines": 0, "percent_statements_covered": 71.42857142857143, "percent_statements_covered_display": "71"}, "missing_lines": [344, 350], "excluded_lines": [], "start_line": 341}, "KnowledgeGraphBuilder.__init__": {"executed_lines": [357, 358, 359, 360], "summary": {"covered_lines": 4, "num_statements": 4, "percent_covered": 100.0, "percent_covered_display": "100", "missing_lines": 0, "excluded_lines": 0, "percent_statements_covered": 100.0, "percent_statements_covered_display": "100"}, "missing_lines": [], "excluded_lines": [], "start_line": 356}, "KnowledgeGraphBuilder.load_data": {"executed_lines": [364, 365, 366, 367, 368], "summary": {"covered_lines": 5, "num_statements": 8, "percent_covered": 62.5, "percent_covered_display": "62", "missing_lines": 3, "excluded_lines": 0, "percent_statements_covered": 62.5, "percent_statements_covered_display": "62"}, "missing_lines": [369, 370, 371], "excluded_lines": [], "start_line": 362}, "KnowledgeGraphBuilder.build_concept_graph": {"executed_lines": [375, 378, 379, 380, 383, 384, 385, 389, 390, 392, 393, 404, 405, 416, 417, 429], "summary": {"covered_lines": 16, "num_statements": 20, "percent_covered": 80.0, "percent_covered_display": "80", "missing_lines": 4, "excluded_lines": 0, "percent_statements_covered": 80.0, "percent_statements_covered_display": "80"}, "missing_lines": [376, 418, 419, 420], "excluded_lines": [], "start_line": 373}, "KnowledgeGraphBuilder._get_concept_level": {"executed_lines": [438, 439, 440, 441, 442, 443, 444], "summary": {"covered_lines": 7, "num_statements": 7, "percent_covered": 100.0, "percent_covered_display": "100", "missing_lines": 0, "excluded_lines": 0, "percent_statements_covered": 100.0, "percent_statements_covered_display": "100"}, "missing_lines": [], "excluded_lines": [], "start_line": 436}, "KnowledgeGraphBuilder._infer_relation": {"executed_lines": [], "summary": {"covered_lines": 0, "num_statements": 2, "percent_covered": 0.0, "percent_covered_display": "0", "missing_lines": 2, "excluded_lines": 0, "percent_statements_covered": 0.0, "percent_statements_covered_display": "0"}, "missing_lines": [448, 459], "excluded_lines": [], "start_line": 446}, "KnowledgeGraphBuilder.build_commentary_spectrum": {"executed_lines": [465, 466, 470, 473, 474, 489, 490, 491, 492, 497, 502, 504], "summary": {"covered_lines": 12, "num_statements": 13, "percent_covered": 92.3076923076923, "percent_covered_display": "92", "missing_lines": 1, "excluded_lines": 0, "percent_statements_covered": 92.3076923076923, "percent_statements_covered_display": "92"}, "missing_lines": [471], "excluded_lines": [], "start_line": 463}, "KnowledgeGraphBuilder._cluster_commentaries": {"executed_lines": [514, 521, 522, 523, 532], "summary": {"covered_lines": 5, "num_statements": 5, "percent_covered": 100.0, "percent_covered_display": "100", "missing_lines": 0, "excluded_lines": 0, "percent_statements_covered": 100.0, "percent_statements_covered_display": "100"}, "missing_lines": [], "excluded_lines": [], "start_line": 512}, "KnowledgeGraphBuilder._generate_summary": {"executed_lines": [541, 542, 545, 548, 549, 551, 552, 553, 555], "summary": {"covered_lines": 9, "num_statements": 10, "percent_covered": 90.0, "percent_covered_display": "90", "missing_lines": 1, "excluded_lines": 0, "percent_statements_covered": 90.0, "percent_statements_covered_display": "90"}, "missing_lines": [543], "excluded_lines": [], "start_line": 539}, "get_chapter_knowledge_graph": {"executed_lines": [560, 561, 563], "summary": {"covered_lines": 3, "num_statements": 3, "percent_covered": 100.0, "percent_covered_display": "100", "missing_lines": 0, "excluded_lines": 0, "percent_statements_covered": 100.0, "percent_statements_covered_display": "100"}, "missing_lines": [], "excluded_lines": [], "start_line": 558}, "get_all_concepts": {"executed_lines": [571, 572, 574, 575, 576, 580, 581, 582, 590], "summary": {"covered_lines": 9, "num_statements": 9, "percent_covered": 100.0, "percent_covered_display": "100", "missing_lines": 0, "excluded_lines": 0, "percent_statements_covered": 100.0, "percent_statements_covered_display": "100"}, "missing_lines": [], "excluded_lines": [], "start_line": 569}, "": {"executed_lines": [7, 8, 9, 12, 16, 25, 34, 42, 101, 119, 123, 214, 217, 241, 286, 300, 328, 341, 353, 356, 362, 373, 436, 446, 463, 512, 539, 558, 569], "summary": {"covered_lines": 29, "num_statements": 29, "percent_covered": 100.0, "percent_covered_display": "100", "missing_lines": 0, "excluded_lines": 0, "percent_statements_covered": 100.0, "percent_statements_covered_display": "100"}, "missing_lines": [], "excluded_lines": [], "start_line": 1}}, "classes": {"ConceptExtractor": {"executed_lines": [35, 38, 44, 47, 48, 49, 52, 91, 92, 93, 96, 97, 99, 103, 104, 110, 111, 112, 113, 114, 116], "summary": {"covered_lines": 21, "num_statements": 21, "percent_covered": 100.0, "percent_covered_display": "100", "missing_lines": 0, "excluded_lines": 0, "percent_statements_covered": 100.0, "percent_statements_covered_display": "100"}, "missing_lines": [], "excluded_lines": [], "start_line": 12}, "CommentryAnalyzer": {"executed_lines": [215, 225, 227, 243, 246, 247, 280, 281, 282, 284, 288, 292, 293, 294, 295, 296, 297, 298, 306, 308, 309, 310, 311, 312, 313, 315, 316, 317, 326, 330, 334, 335, 336, 337, 339, 343, 345, 346, 347, 348], "summary": {"covered_lines": 40, "num_statements": 45, "percent_covered": 88.88888888888889, "percent_covered_display": "89", "missing_lines": 5, "excluded_lines": 0, "percent_statements_covered": 88.88888888888889, "percent_statements_covered_display": "89"}, "missing_lines": [244, 289, 331, 344, 350], "excluded_lines": [], "start_line": 119}, "KnowledgeGraphBuilder": {"executed_lines": [357, 358, 359, 360, 364, 365, 366, 367, 368, 375, 378, 379, 380, 383, 384, 385, 389, 390, 392, 393, 404, 405, 416, 417, 429, 438, 439, 440, 441, 442, 443, 444, 465, 466, 470, 473, 474, 489, 490, 491, 492, 497, 502, 504, 514, 521, 522, 523, 532, 541, 542, 545, 548, 549, 551, 552, 553, 555], "summary": {"covered_lines": 58, "num_statements": 69, "percent_covered": 84.05797101449275, "percent_covered_display": "84", "missing_lines": 11, "excluded_lines": 0, "percent_statements_covered": 84.05797101449275, "percent_statements_covered_display": "84"}, "missing_lines": [369, 370, 371, 376, 418, 419, 420, 448, 459, 471, 543], "excluded_lines": [], "start_line": 353}, "": {"executed_lines": [7, 8, 9, 12, 16, 25, 34, 42, 101, 119, 123, 214, 217, 241, 286, 300, 328, 341, 353, 356, 362, 373, 436, 446, 463, 512, 539, 558, 560, 561, 563, 569, 571, 572, 574, 575, 576, 580, 581, 582, 590], "summary": {"covered_lines": 41, "num_statements": 41, "percent_covered": 100.0, "percent_covered_display": "100", "missing_lines": 0, "excluded_lines": 0, "percent_statements_covered": 100.0, "percent_statements_covered_display": "100"}, "missing_lines": [], "excluded_lines": [], "start_line": 1}}}, "services\\semantic_archaeology.py": {"executed_lines": [7, 8, 9, 10, 13, 17, 45, 76, 77, 78, 80, 82, 83, 84, 85, 86, 91, 93, 94, 98, 99, 101, 109, 112, 113, 122, 123, 132, 137, 144, 148, 150, 157, 160, 161, 162, 164, 176, 178, 181, 182, 190, 192, 196, 198, 199, 207, 208, 216, 218, 221, 230, 232, 236, 237, 241, 242, 244, 247, 248, 260, 261, 273, 274, 286, 287, 298, 305, 307, 308, 311, 312, 313, 315, 316, 317, 318, 322, 324, 327, 329, 330, 337, 340, 342, 344, 349, 350, 352, 355, 356, 358, 360, 362, 364, 367, 368, 369, 371, 375, 376, 385, 389, 400], "summary": {"covered_lines": 104, "num_statements": 121, "percent_covered": 85.9504132231405, "percent_covered_display": "86", "missing_lines": 17, "excluded_lines": 0, "percent_statements_covered": 85.9504132231405, "percent_statements_covered_display": "86"}, "missing_lines": [87, 88, 89, 165, 320, 325, 331, 332, 334, 353, 365, 391, 392, 394, 402, 403, 405], "excluded_lines": [], "functions": {"SemanticArchaeology.__init__": {"executed_lines": [77, 78], "summary": {"covered_lines": 2, "num_statements": 2, "percent_covered": 100.0, "percent_covered_display": "100", "missing_lines": 0, "excluded_lines": 0, "percent_statements_covered": 100.0, "percent_statements_covered_display": "100"}, "missing_lines": [], "excluded_lines": [], "start_line": 76}, "SemanticArchaeology.load_data": {"executed_lines": [82, 83, 84, 85, 86], "summary": {"covered_lines": 5, "num_statements": 8, "percent_covered": 62.5, "percent_covered_display": "62", "missing_lines": 3, "excluded_lines": 0, "percent_statements_covered": 62.5, "percent_statements_covered_display": "62"}, "missing_lines": [87, 88, 89], "excluded_lines": [], "start_line": 80}, "SemanticArchaeology.analyze_text_evolution": {"executed_lines": [93, 94, 98, 99, 101, 109, 112, 113, 122, 123, 132, 137, 144, 148], "summary": {"covered_lines": 14, "num_statements": 14, "percent_covered": 100.0, "percent_covered_display": "100", "missing_lines": 0, "excluded_lines": 0, "percent_statements_covered": 100.0, "percent_statements_covered_display": "100"}, "missing_lines": [], "excluded_lines": [], "start_line": 91}, "SemanticArchaeology._detect_variants": {"executed_lines": [157, 160, 161, 162, 164, 176, 178, 181, 182, 190], "summary": {"covered_lines": 10, "num_statements": 11, "percent_covered": 90.9090909090909, "percent_covered_display": "91", "missing_lines": 1, "excluded_lines": 0, "percent_statements_covered": 90.9090909090909, "percent_statements_covered_display": "91"}, "missing_lines": [165], "excluded_lines": [], "start_line": 150}, "SemanticArchaeology._analyze_semantic_shifts": {"executed_lines": [196, 198, 199, 207, 208, 216], "summary": {"covered_lines": 6, "num_statements": 6, "percent_covered": 100.0, "percent_covered_display": "100", "missing_lines": 0, "excluded_lines": 0, "percent_statements_covered": 100.0, "percent_statements_covered_display": "100"}, "missing_lines": [], "excluded_lines": [], "start_line": 192}, "SemanticArchaeology.trace_concept_history": {"executed_lines": [221, 230], "summary": {"covered_lines": 2, "num_statements": 2, "percent_covered": 100.0, "percent_covered_display": "100", "missing_lines": 0, "excluded_lines": 0, "percent_statements_covered": 100.0, "percent_statements_covered_display": "100"}, "missing_lines": [], "excluded_lines": [], "start_line": 218}, "SemanticArchaeology.compare_interpretation_history": {"executed_lines": [236, 237, 241, 242, 244, 247, 248, 260, 261, 273, 274, 286, 287, 298], "summary": {"covered_lines": 14, "num_statements": 14, "percent_covered": 100.0, "percent_covered_display": "100", "missing_lines": 0, "excluded_lines": 0, "percent_statements_covered": 100.0, "percent_statements_covered_display": "100"}, "missing_lines": [], "excluded_lines": [], "start_line": 232}, "SemanticArchaeology._extract_interpretation": {"executed_lines": [307, 308, 311, 312, 313, 315, 316, 317, 318], "summary": {"covered_lines": 9, "num_statements": 10, "percent_covered": 90.0, "percent_covered_display": "90", "missing_lines": 1, "excluded_lines": 0, "percent_statements_covered": 90.0, "percent_statements_covered_display": "90"}, "missing_lines": [320], "excluded_lines": [], "start_line": 305}, "SemanticArchaeology._summarize_evolution": {"executed_lines": [324, 327, 329, 330], "summary": {"covered_lines": 4, "num_statements": 8, "percent_covered": 50.0, "percent_covered_display": "50", "missing_lines": 4, "excluded_lines": 0, "percent_statements_covered": 50.0, "percent_statements_covered_display": "50"}, "missing_lines": [325, 331, 332, 334], "excluded_lines": [], "start_line": 322}, "VectorSemanticAnalyzer.__init__": {"executed_lines": [342], "summary": {"covered_lines": 1, "num_statements": 1, "percent_covered": 100.0, "percent_covered_display": "100", "missing_lines": 0, "excluded_lines": 0, "percent_statements_covered": 100.0, "percent_statements_covered_display": "100"}, "missing_lines": [], "excluded_lines": [], "start_line": 340}, "VectorSemanticAnalyzer.calculate_semantic_distance": {"executed_lines": [349, 350, 352, 355, 356, 358], "summary": {"covered_lines": 6, "num_statements": 7, "percent_covered": 85.71428571428571, "percent_covered_display": "86", "missing_lines": 1, "excluded_lines": 0, "percent_statements_covered": 85.71428571428571, "percent_statements_covered_display": "86"}, "missing_lines": [353], "excluded_lines": [], "start_line": 344}, "VectorSemanticAnalyzer.detect_semantic_drift": {"executed_lines": [362, 364, 367, 368, 369, 371, 375, 376, 385], "summary": {"covered_lines": 9, "num_statements": 10, "percent_covered": 90.0, "percent_covered_display": "90", "missing_lines": 1, "excluded_lines": 0, "percent_statements_covered": 90.0, "percent_statements_covered_display": "90"}, "missing_lines": [365], "excluded_lines": [], "start_line": 360}, "get_chapter_archaeology": {"executed_lines": [], "summary": {"covered_lines": 0, "num_statements": 3, "percent_covered": 0.0, "percent_covered_display": "0", "missing_lines": 3, "excluded_lines": 0, "percent_statements_covered": 0.0, "percent_statements_covered_display": "0"}, "missing_lines": [391, 392, 394], "excluded_lines": [], "start_line": 389}, "get_concept_interpretation_history": {"executed_lines": [], "summary": {"covered_lines": 0, "num_statements": 3, "percent_covered": 0.0, "percent_covered_display": "0", "missing_lines": 3, "excluded_lines": 0, "percent_statements_covered": 0.0, "percent_statements_covered_display": "0"}, "missing_lines": [402, 403, 405], "excluded_lines": [], "start_line": 400}, "": {"executed_lines": [7, 8, 9, 10, 13, 17, 45, 76, 80, 91, 150, 192, 218, 232, 305, 322, 337, 340, 344, 360, 389, 400], "summary": {"covered_lines": 22, "num_statements": 22, "percent_covered": 100.0, "percent_covered_display": "100", "missing_lines": 0, "excluded_lines": 0, "percent_statements_covered": 100.0, "percent_statements_covered_display": "100"}, "missing_lines": [], "excluded_lines": [], "start_line": 1}}, "classes": {"SemanticArchaeology": {"executed_lines": [77, 78, 82, 83, 84, 85, 86, 93, 94, 98, 99, 101, 109, 112, 113, 122, 123, 132, 137, 144, 148, 157, 160, 161, 162, 164, 176, 178, 181, 182, 190, 196, 198, 199, 207, 208, 216, 221, 230, 236, 237, 241, 242, 244, 247, 248, 260, 261, 273, 274, 286, 287, 298, 307, 308, 311, 312, 313, 315, 316, 317, 318, 324, 327, 329, 330], "summary": {"covered_lines": 66, "num_statements": 75, "percent_covered": 88.0, "percent_covered_display": "88", "missing_lines": 9, "excluded_lines": 0, "percent_statements_covered": 88.0, "percent_statements_covered_display": "88"}, "missing_lines": [87, 88, 89, 165, 320, 325, 331, 332, 334], "excluded_lines": [], "start_line": 13}, "VectorSemanticAnalyzer": {"executed_lines": [342, 349, 350, 352, 355, 356, 358, 362, 364, 367, 368, 369, 371, 375, 376, 385], "summary": {"covered_lines": 16, "num_statements": 18, "percent_covered": 88.88888888888889, "percent_covered_display": "89", "missing_lines": 2, "excluded_lines": 0, "percent_statements_covered": 88.88888888888889, "percent_statements_covered_display": "89"}, "missing_lines": [353, 365], "excluded_lines": [], "start_line": 337}, "": {"executed_lines": [7, 8, 9, 10, 13, 17, 45, 76, 80, 91, 150, 192, 218, 232, 305, 322, 337, 340, 344, 360, 389, 400], "summary": {"covered_lines": 22, "num_statements": 28, "percent_covered": 78.57142857142857, "percent_covered_display": "79", "missing_lines": 6, "excluded_lines": 0, "percent_statements_covered": 78.57142857142857, "percent_statements_covered_display": "79"}, "missing_lines": [391, 392, 394, 402, 403, 405], "excluded_lines": [], "start_line": 1}}}, "services\\tts_service.py": {"executed_lines": [6, 8, 9, 12, 15, 16, 18, 30, 31, 32, 34, 35, 38, 41, 44, 46, 53, 54, 55, 57, 60, 61, 62, 64, 69, 71, 72, 74, 75, 79, 80, 86, 96, 97, 98, 99, 104, 107, 111, 118, 119, 122, 125, 126, 129, 134, 140, 141, 148, 149, 155, 165, 166, 167, 169, 170, 174, 175], "summary": {"covered_lines": 58, "num_statements": 63, "percent_covered": 92.06349206349206, "percent_covered_display": "92", "missing_lines": 5, "excluded_lines": 0, "percent_statements_covered": 92.06349206349206, "percent_statements_covered_display": "92"}, "missing_lines": [36, 100, 101, 120, 168], "excluded_lines": [], "functions": {"TTSService.__init__": {"executed_lines": [16], "summary": {"covered_lines": 1, "num_statements": 1, "percent_covered": 100.0, "percent_covered_display": "100", "missing_lines": 0, "excluded_lines": 0, "percent_statements_covered": 100.0, "percent_statements_covered_display": "100"}, "missing_lines": [], "excluded_lines": [], "start_line": 15}, "TTSService.validate_request": {"executed_lines": [30, 31, 32, 34, 35, 38], "summary": {"covered_lines": 6, "num_statements": 7, "percent_covered": 85.71428571428571, "percent_covered_display": "86", "missing_lines": 1, "excluded_lines": 0, "percent_statements_covered": 85.71428571428571, "percent_statements_covered_display": "86"}, "missing_lines": [36], "excluded_lines": [], "start_line": 18}, "FishAudioService.synthesize": {"executed_lines": [53, 54, 55, 57, 60, 61, 62, 64, 69, 71, 72, 74, 75, 79, 80, 86, 96, 97, 98, 99], "summary": {"covered_lines": 20, "num_statements": 22, "percent_covered": 90.9090909090909, "percent_covered_display": "91", "missing_lines": 2, "excluded_lines": 0, "percent_statements_covered": 90.9090909090909, "percent_statements_covered_display": "91"}, "missing_lines": [100, 101], "excluded_lines": [], "start_line": 46}, "EdgeTTSService.synthesize": {"executed_lines": [118, 119, 122, 125, 126, 129, 134, 140, 141, 148, 149, 155, 165, 166, 167, 169, 170], "summary": {"covered_lines": 17, "num_statements": 19, "percent_covered": 89.47368421052632, "percent_covered_display": "89", "missing_lines": 2, "excluded_lines": 0, "percent_statements_covered": 89.47368421052632, "percent_statements_covered_display": "89"}, "missing_lines": [120, 168], "excluded_lines": [], "start_line": 111}, "": {"executed_lines": [6, 8, 9, 12, 15, 18, 41, 44, 46, 104, 107, 111, 174, 175], "summary": {"covered_lines": 14, "num_statements": 14, "percent_covered": 100.0, "percent_covered_display": "100", "missing_lines": 0, "excluded_lines": 0, "percent_statements_covered": 100.0, "percent_statements_covered_display": "100"}, "missing_lines": [], "excluded_lines": [], "start_line": 1}}, "classes": {"TTSService": {"executed_lines": [16, 30, 31, 32, 34, 35, 38], "summary": {"covered_lines": 7, "num_statements": 8, "percent_covered": 87.5, "percent_covered_display": "88", "missing_lines": 1, "excluded_lines": 0, "percent_statements_covered": 87.5, "percent_statements_covered_display": "88"}, "missing_lines": [36], "excluded_lines": [], "start_line": 12}, "FishAudioService": {"executed_lines": [53, 54, 55, 57, 60, 61, 62, 64, 69, 71, 72, 74, 75, 79, 80, 86, 96, 97, 98, 99], "summary": {"covered_lines": 20, "num_statements": 22, "percent_covered": 90.9090909090909, "percent_covered_display": "91", "missing_lines": 2, "excluded_lines": 0, "percent_statements_covered": 90.9090909090909, "percent_statements_covered_display": "91"}, "missing_lines": [100, 101], "excluded_lines": [], "start_line": 41}, "EdgeTTSService": {"executed_lines": [118, 119, 122, 125, 126, 129, 134, 140, 141, 148, 149, 155, 165, 166, 167, 169, 170], "summary": {"covered_lines": 17, "num_statements": 19, "percent_covered": 89.47368421052632, "percent_covered_display": "89", "missing_lines": 2, "excluded_lines": 0, "percent_statements_covered": 89.47368421052632, "percent_statements_covered_display": "89"}, "missing_lines": [120, 168], "excluded_lines": [], "start_line": 104}, "": {"executed_lines": [6, 8, 9, 12, 15, 18, 41, 44, 46, 104, 107, 111, 174, 175], "summary": {"covered_lines": 14, "num_statements": 14, "percent_covered": 100.0, "percent_covered_display": "100", "missing_lines": 0, "excluded_lines": 0, "percent_statements_covered": 100.0, "percent_statements_covered_display": "100"}, "missing_lines": [], "excluded_lines": [], "start_line": 1}}}, "services\\virtual_commentator.py": {"executed_lines": [7, 8, 9, 12, 13, 16, 17, 18, 19, 20, 21, 22, 26, 129, 132, 133, 134, 135, 137, 139, 140, 141, 145, 147, 148, 152, 153, 155, 156, 170, 171, 172, 173, 174, 175, 187, 189, 197, 200, 201, 202, 205, 209, 213, 227, 228, 231, 235, 243, 245, 248, 258, 259, 262, 263, 264, 267, 277, 278, 283, 292, 294, 303, 316, 326, 328, 330, 332, 334, 336, 340, 347, 348, 349, 350, 362, 364, 371, 379, 384, 387, 388, 389, 390, 392, 396, 403, 410, 418, 421, 424, 426, 427, 435, 437, 438, 439, 449, 452, 454, 455, 456, 466, 469, 476, 477, 480, 481, 485, 489, 493, 507, 508, 511, 529, 545, 551, 564, 572], "summary": {"covered_lines": 119, "num_statements": 141, "percent_covered": 84.39716312056737, "percent_covered_display": "84", "missing_lines": 22, "excluded_lines": 0, "percent_statements_covered": 84.39716312056737, "percent_statements_covered_display": "84"}, "missing_lines": [142, 143, 210, 281, 301, 311, 312, 314, 324, 428, 429, 431, 482, 490, 547, 548, 558, 559, 568, 569, 574, 575], "excluded_lines": [], "functions": {"VirtualCommentator.__init__": {"executed_lines": [133, 134, 135], "summary": {"covered_lines": 3, "num_statements": 3, "percent_covered": 100.0, "percent_covered_display": "100", "missing_lines": 0, "excluded_lines": 0, "percent_statements_covered": 100.0, "percent_statements_covered_display": "100"}, "missing_lines": [], "excluded_lines": [], "start_line": 132}, "VirtualCommentator.load_data": {"executed_lines": [139, 140, 141], "summary": {"covered_lines": 3, "num_statements": 5, "percent_covered": 60.0, "percent_covered_display": "60", "missing_lines": 2, "excluded_lines": 0, "percent_statements_covered": 60.0, "percent_statements_covered_display": "60"}, "missing_lines": [142, 143], "excluded_lines": [], "start_line": 137}, "VirtualCommentator.get_available_commentators": {"executed_lines": [147, 148, 152, 153, 155, 156, 170, 171, 172, 173, 174, 175, 187], "summary": {"covered_lines": 13, "num_statements": 13, "percent_covered": 100.0, "percent_covered_display": "100", "missing_lines": 0, "excluded_lines": 0, "percent_statements_covered": 100.0, "percent_statements_covered_display": "100"}, "missing_lines": [], "excluded_lines": [], "start_line": 145}, "VirtualCommentator.chat_with_commentator": {"executed_lines": [197, 200, 201, 202, 205, 209, 213, 227, 228, 231, 235], "summary": {"covered_lines": 11, "num_statements": 12, "percent_covered": 91.66666666666667, "percent_covered_display": "92", "missing_lines": 1, "excluded_lines": 0, "percent_statements_covered": 91.66666666666667, "percent_statements_covered_display": "92"}, "missing_lines": [210], "excluded_lines": [], "start_line": 189}, "VirtualCommentator._classify_question": {"executed_lines": [245, 248, 258, 259, 262, 263, 264, 267, 277, 278], "summary": {"covered_lines": 10, "num_statements": 11, "percent_covered": 90.9090909090909, "percent_covered_display": "91", "missing_lines": 1, "excluded_lines": 0, "percent_statements_covered": 90.9090909090909, "percent_statements_covered_display": "91"}, "missing_lines": [281], "excluded_lines": [], "start_line": 243}, "VirtualCommentator._generate_response": {"executed_lines": [292], "summary": {"covered_lines": 1, "num_statements": 1, "percent_covered": 100.0, "percent_covered_display": "100", "missing_lines": 0, "excluded_lines": 0, "percent_statements_covered": 100.0, "percent_statements_covered_display": "100"}, "missing_lines": [], "excluded_lines": [], "start_line": 283}, "VirtualCommentator._respond_comparison": {"executed_lines": [], "summary": {"covered_lines": 0, "num_statements": 1, "percent_covered": 0.0, "percent_covered_display": "0", "missing_lines": 1, "excluded_lines": 0, "percent_statements_covered": 0.0, "percent_statements_covered_display": "0"}, "missing_lines": [301], "excluded_lines": [], "start_line": 294}, "VirtualCommentator._respond_practice": {"executed_lines": [], "summary": {"covered_lines": 0, "num_statements": 3, "percent_covered": 0.0, "percent_covered_display": "0", "missing_lines": 3, "excluded_lines": 0, "percent_statements_covered": 0.0, "percent_statements_covered_display": "0"}, "missing_lines": [311, 312, 314], "excluded_lines": [], "start_line": 303}, "VirtualCommentator._respond_general": {"executed_lines": [], "summary": {"covered_lines": 0, "num_statements": 1, "percent_covered": 0.0, "percent_covered_display": "0", "missing_lines": 1, "excluded_lines": 0, "percent_statements_covered": 0.0, "percent_statements_covered_display": "0"}, "missing_lines": [324], "excluded_lines": [], "start_line": 316}, "VirtualCommentator._error_response": {"executed_lines": [328], "summary": {"covered_lines": 1, "num_statements": 1, "percent_covered": 100.0, "percent_covered_display": "100", "missing_lines": 0, "excluded_lines": 0, "percent_statements_covered": 100.0, "percent_statements_covered_display": "100"}, "missing_lines": [], "excluded_lines": [], "start_line": 326}, "VirtualCommentator._get_timestamp": {"executed_lines": [332, 334], "summary": {"covered_lines": 2, "num_statements": 2, "percent_covered": 100.0, "percent_covered_display": "100", "missing_lines": 0, "excluded_lines": 0, "percent_statements_covered": 100.0, "percent_statements_covered_display": "100"}, "missing_lines": [], "excluded_lines": [], "start_line": 330}, "VirtualCommentator.initiate_debate": {"executed_lines": [340, 347, 348, 349, 350, 362], "summary": {"covered_lines": 6, "num_statements": 6, "percent_covered": 100.0, "percent_covered_display": "100", "missing_lines": 0, "excluded_lines": 0, "percent_statements_covered": 100.0, "percent_statements_covered_display": "100"}, "missing_lines": [], "excluded_lines": [], "start_line": 336}, "VirtualCommentator._generate_opening_statement": {"executed_lines": [371, 379], "summary": {"covered_lines": 2, "num_statements": 2, "percent_covered": 100.0, "percent_covered_display": "100", "missing_lines": 0, "excluded_lines": 0, "percent_statements_covered": 100.0, "percent_statements_covered_display": "100"}, "missing_lines": [], "excluded_lines": [], "start_line": 364}, "SocraticDialogue.__init__": {"executed_lines": [388, 389, 390], "summary": {"covered_lines": 3, "num_statements": 3, "percent_covered": 100.0, "percent_covered_display": "100", "missing_lines": 0, "excluded_lines": 0, "percent_statements_covered": 100.0, "percent_statements_covered_display": "100"}, "missing_lines": [], "excluded_lines": [], "start_line": 387}, "SocraticDialogue.start_dialogue": {"executed_lines": [396, 403, 410], "summary": {"covered_lines": 3, "num_statements": 3, "percent_covered": 100.0, "percent_covered_display": "100", "missing_lines": 0, "excluded_lines": 0, "percent_statements_covered": 100.0, "percent_statements_covered_display": "100"}, "missing_lines": [], "excluded_lines": [], "start_line": 392}, "SocraticDialogue.follow_up_question": {"executed_lines": [421, 424, 426, 427], "summary": {"covered_lines": 4, "num_statements": 7, "percent_covered": 57.142857142857146, "percent_covered_display": "57", "missing_lines": 3, "excluded_lines": 0, "percent_statements_covered": 57.142857142857146, "percent_statements_covered_display": "57"}, "missing_lines": [428, 429, 431], "excluded_lines": [], "start_line": 418}, "get_available_commentators": {"executed_lines": [437, 438, 439, 449], "summary": {"covered_lines": 4, "num_statements": 4, "percent_covered": 100.0, "percent_covered_display": "100", "missing_lines": 0, "excluded_lines": 0, "percent_statements_covered": 100.0, "percent_statements_covered_display": "100"}, "missing_lines": [], "excluded_lines": [], "start_line": 435}, "get_commentator_persona": {"executed_lines": [454, 455, 456, 466], "summary": {"covered_lines": 4, "num_statements": 4, "percent_covered": 100.0, "percent_covered_display": "100", "missing_lines": 0, "excluded_lines": 0, "percent_statements_covered": 100.0, "percent_statements_covered_display": "100"}, "missing_lines": [], "excluded_lines": [], "start_line": 452}, "generate_commentary_response": {"executed_lines": [476, 477, 480, 481, 485, 489, 493, 507, 508, 511, 529], "summary": {"covered_lines": 11, "num_statements": 13, "percent_covered": 84.61538461538461, "percent_covered_display": "85", "missing_lines": 2, "excluded_lines": 0, "percent_statements_covered": 84.61538461538461, "percent_statements_covered_display": "85"}, "missing_lines": [482, 490], "excluded_lines": [], "start_line": 469}, "get_commentator_list": {"executed_lines": [], "summary": {"covered_lines": 0, "num_statements": 2, "percent_covered": 0.0, "percent_covered_display": "0", "missing_lines": 2, "excluded_lines": 0, "percent_statements_covered": 0.0, "percent_statements_covered_display": "0"}, "missing_lines": [547, 548], "excluded_lines": [], "start_line": 545}, "chat_with_commentator": {"executed_lines": [], "summary": {"covered_lines": 0, "num_statements": 2, "percent_covered": 0.0, "percent_covered_display": "0", "missing_lines": 2, "excluded_lines": 0, "percent_statements_covered": 0.0, "percent_statements_covered_display": "0"}, "missing_lines": [558, 559], "excluded_lines": [], "start_line": 551}, "start_commentator_debate": {"executed_lines": [], "summary": {"covered_lines": 0, "num_statements": 2, "percent_covered": 0.0, "percent_covered_display": "0", "missing_lines": 2, "excluded_lines": 0, "percent_statements_covered": 0.0, "percent_statements_covered_display": "0"}, "missing_lines": [568, 569], "excluded_lines": [], "start_line": 564}, "start_socratic_dialogue": {"executed_lines": [], "summary": {"covered_lines": 0, "num_statements": 2, "percent_covered": 0.0, "percent_covered_display": "0", "missing_lines": 2, "excluded_lines": 0, "percent_statements_covered": 0.0, "percent_statements_covered_display": "0"}, "missing_lines": [574, 575], "excluded_lines": [], "start_line": 572}, "": {"executed_lines": [7, 8, 9, 12, 13, 16, 17, 18, 19, 20, 21, 22, 26, 129, 132, 137, 145, 189, 243, 283, 294, 303, 316, 326, 330, 336, 364, 384, 387, 392, 418, 435, 452, 469, 545, 551, 564, 572], "summary": {"covered_lines": 38, "num_statements": 38, "percent_covered": 100.0, "percent_covered_display": "100", "missing_lines": 0, "excluded_lines": 0, "percent_statements_covered": 100.0, "percent_statements_covered_display": "100"}, "missing_lines": [], "excluded_lines": [], "start_line": 1}}, "classes": {"CommentaryPersona": {"executed_lines": [], "summary": {"covered_lines": 0, "num_statements": 0, "percent_covered": 100.0, "percent_covered_display": "100", "missing_lines": 0, "excluded_lines": 0, "percent_statements_covered": 100.0, "percent_statements_covered_display": "100"}, "missing_lines": [], "excluded_lines": [], "start_line": 13}, "VirtualCommentator": {"executed_lines": [133, 134, 135, 139, 140, 141, 147, 148, 152, 153, 155, 156, 170, 171, 172, 173, 174, 175, 187, 197, 200, 201, 202, 205, 209, 213, 227, 228, 231, 235, 245, 248, 258, 259, 262, 263, 264, 267, 277, 278, 292, 328, 332, 334, 340, 347, 348, 349, 350, 362, 371, 379], "summary": {"covered_lines": 52, "num_statements": 61, "percent_covered": 85.24590163934427, "percent_covered_display": "85", "missing_lines": 9, "excluded_lines": 0, "percent_statements_covered": 85.24590163934427, "percent_statements_covered_display": "85"}, "missing_lines": [142, 143, 210, 281, 301, 311, 312, 314, 324], "excluded_lines": [], "start_line": 129}, "SocraticDialogue": {"executed_lines": [388, 389, 390, 396, 403, 410, 421, 424, 426, 427], "summary": {"covered_lines": 10, "num_statements": 13, "percent_covered": 76.92307692307692, "percent_covered_display": "77", "missing_lines": 3, "excluded_lines": 0, "percent_statements_covered": 76.92307692307692, "percent_statements_covered_display": "77"}, "missing_lines": [428, 429, 431], "excluded_lines": [], "start_line": 384}, "": {"executed_lines": [7, 8, 9, 12, 13, 16, 17, 18, 19, 20, 21, 22, 26, 129, 132, 137, 145, 189, 243, 283, 294, 303, 316, 326, 330, 336, 364, 384, 387, 392, 418, 435, 437, 438, 439, 449, 452, 454, 455, 456, 466, 469, 476, 477, 480, 481, 485, 489, 493, 507, 508, 511, 529, 545, 551, 564, 572], "summary": {"covered_lines": 57, "num_statements": 67, "percent_covered": 85.07462686567165, "percent_covered_display": "85", "missing_lines": 10, "excluded_lines": 0, "percent_statements_covered": 85.07462686567165, "percent_statements_covered_display": "85"}, "missing_lines": [482, 490, 547, 548, 558, 559, 568, 569, 574, 575], "excluded_lines": [], "start_line": 1}}}}, "totals": {"covered_lines": 739, "num_statements": 991, "percent_covered": 74.57114026236125, "percent_covered_display": "75", "missing_lines": 252, "excluded_lines": 0, "percent_statements_covered": 74.57114026236125, "percent_statements_covered_display": "75"}}
