{"meta": {"format": 3, "version": "7.13.4", "timestamp": "2026-02-18T22:00:35.734089", "branch_coverage": false, "show_contexts": false}, "files": {"services\\__init__.py": {"executed_lines": [6, 8, 9, 11], "summary": {"covered_lines": 4, "num_statements": 4, "percent_covered": 100.0, "percent_covered_display": "100", "missing_lines": 0, "excluded_lines": 0, "percent_statements_covered": 100.0, "percent_statements_covered_display": "100"}, "missing_lines": [], "excluded_lines": [], "functions": {"": {"executed_lines": [6, 8, 9, 11], "summary": {"covered_lines": 4, "num_statements": 4, "percent_covered": 100.0, "percent_covered_display": "100", "missing_lines": 0, "excluded_lines": 0, "percent_statements_covered": 100.0, "percent_statements_covered_display": "100"}, "missing_lines": [], "excluded_lines": [], "start_line": 1}}, "classes": {"": {"executed_lines": [6, 8, 9, 11], "summary": {"covered_lines": 4, "num_statements": 4, "percent_covered": 100.0, "percent_covered_display": "100", "missing_lines": 0, "excluded_lines": 0, "percent_statements_covered": 100.0, "percent_statements_covered_display": "100"}, "missing_lines": [], "excluded_lines": [], "start_line": 1}}}, "services\\annotation_service.py": {"executed_lines": [6, 9, 89, 100, 103, 104, 106, 107, 108, 111, 112, 113, 114, 115, 118, 119, 120, 121, 122, 125, 126, 127, 129], "summary": {"covered_lines": 23, "num_statements": 23, "percent_covered": 100.0, "percent_covered_display": "100", "missing_lines": 0, "excluded_lines": 0, "percent_statements_covered": 100.0, "percent_statements_covered_display": "100"}, "missing_lines": [], "excluded_lines": [], "functions": {"annotate_difficult_chars": {"executed_lines": [100, 103, 104, 106, 107, 108, 111, 112, 113, 114, 115, 118, 119, 120, 121, 122, 125, 126, 127, 129], "summary": {"covered_lines": 20, "num_statements": 20, "percent_covered": 100.0, "percent_covered_display": "100", "missing_lines": 0, "excluded_lines": 0, "percent_statements_covered": 100.0, "percent_statements_covered_display": "100"}, "missing_lines": [], "excluded_lines": [], "start_line": 89}, "": {"executed_lines": [6, 9, 89], "summary": {"covered_lines": 3, "num_statements": 3, "percent_covered": 100.0, "percent_covered_display": "100", "missing_lines": 0, "excluded_lines": 0, "percent_statements_covered": 100.0, "percent_statements_covered_display": "100"}, "missing_lines": [], "excluded_lines": [], "start_line": 1}}, "classes": {"": {"executed_lines": [6, 9, 89, 100, 103, 104, 106, 107, 108, 111, 112, 113, 114, 115, 118, 119, 120, 121, 122, 125, 126, 127, 129], "summary": {"covered_lines": 23, "num_statements": 23, "percent_covered": 100.0, "percent_covered_display": "100", "missing_lines": 0, "excluded_lines": 0, "percent_statements_covered": 100.0, "percent_statements_covered_display": "100"}, "missing_lines": [], "excluded_lines": [], "start_line": 1}}}, "services\\bookmark_service.py": {"executed_lines": [], "summary": {"covered_lines": 0, "num_statements": 111, "percent_covered": 0.0, "percent_covered_display": "0", "missing_lines": 111, "excluded_lines": 0, "percent_statements_covered": 0.0, "percent_statements_covered_display": "0"}, "missing_lines": [6, 7, 8, 10, 13, 19, 22, 24, 39, 41, 51, 52, 54, 56, 58, 68, 70, 81, 82, 85, 86, 87, 88, 90, 93, 99, 102, 104, 124, 126, 138, 139, 141, 143, 145, 158, 161, 162, 164, 166, 177, 178, 180, 181, 182, 184, 186, 203, 204, 207, 208, 209, 210, 211, 213, 215, 226, 227, 230, 231, 232, 233, 235, 238, 244, 247, 249, 264, 265, 266, 269, 271, 281, 282, 284, 286, 288, 301, 304, 305, 307, 309, 320, 321, 324, 325, 326, 327, 329, 331, 343, 344, 346, 347, 351, 353, 357, 358, 359, 362, 366, 367, 369, 372, 376, 377, 379, 382, 386, 387, 389], "excluded_lines": [], "functions": {"BookmarkService.__init__": {"executed_lines": [], "summary": {"covered_lines": 0, "num_statements": 1, "percent_covered": 0.0, "percent_covered_display": "0", "missing_lines": 1, "excluded_lines": 0, "percent_statements_covered": 0.0, "percent_statements_covered_display": "0"}, "missing_lines": [22], "excluded_lines": [], "start_line": 19}, "BookmarkService.add_bookmark": {"executed_lines": [], "summary": {"covered_lines": 0, "num_statements": 6, "percent_covered": 0.0, "percent_covered_display": "0", "missing_lines": 6, "excluded_lines": 0, "percent_statements_covered": 0.0, "percent_statements_covered_display": "0"}, "missing_lines": [39, 41, 51, 52, 54, 56], "excluded_lines": [], "start_line": 24}, "BookmarkService.get_bookmarks": {"executed_lines": [], "summary": {"covered_lines": 0, "num_statements": 1, "percent_covered": 0.0, "percent_covered_display": "0", "missing_lines": 1, "excluded_lines": 0, "percent_statements_covered": 0.0, "percent_statements_covered_display": "0"}, "missing_lines": [68], "excluded_lines": [], "start_line": 58}, "BookmarkService.delete_bookmark": {"executed_lines": [], "summary": {"covered_lines": 0, "num_statements": 7, "percent_covered": 0.0, "percent_covered_display": "0", "missing_lines": 7, "excluded_lines": 0, "percent_statements_covered": 0.0, "percent_statements_covered_display": "0"}, "missing_lines": [81, 82, 85, 86, 87, 88, 90], "excluded_lines": [], "start_line": 70}, "NoteService.__init__": {"executed_lines": [], "summary": {"covered_lines": 0, "num_statements": 1, "percent_covered": 0.0, "percent_covered_display": "0", "missing_lines": 1, "excluded_lines": 0, "percent_statements_covered": 0.0, "percent_statements_covered_display": "0"}, "missing_lines": [102], "excluded_lines": [], "start_line": 99}, "NoteService.add_note": {"executed_lines": [], "summary": {"covered_lines": 0, "num_statements": 6, "percent_covered": 0.0, "percent_covered_display": "0", "missing_lines": 6, "excluded_lines": 0, "percent_statements_covered": 0.0, "percent_statements_covered_display": "0"}, "missing_lines": [124, 126, 138, 139, 141, 143], "excluded_lines": [], "start_line": 104}, "NoteService.get_notes": {"executed_lines": [], "summary": {"covered_lines": 0, "num_statements": 4, "percent_covered": 0.0, "percent_covered_display": "0", "missing_lines": 4, "excluded_lines": 0, "percent_statements_covered": 0.0, "percent_statements_covered_display": "0"}, "missing_lines": [158, 161, 162, 164], "excluded_lines": [], "start_line": 145}, "NoteService.get_note": {"executed_lines": [], "summary": {"covered_lines": 0, "num_statements": 6, "percent_covered": 0.0, "percent_covered_display": "0", "missing_lines": 6, "excluded_lines": 0, "percent_statements_covered": 0.0, "percent_statements_covered_display": "0"}, "missing_lines": [177, 178, 180, 181, 182, 184], "excluded_lines": [], "start_line": 166}, "NoteService.update_note": {"executed_lines": [], "summary": {"covered_lines": 0, "num_statements": 8, "percent_covered": 0.0, "percent_covered_display": "0", "missing_lines": 8, "excluded_lines": 0, "percent_statements_covered": 0.0, "percent_statements_covered_display": "0"}, "missing_lines": [203, 204, 207, 208, 209, 210, 211, 213], "excluded_lines": [], "start_line": 186}, "NoteService.delete_note": {"executed_lines": [], "summary": {"covered_lines": 0, "num_statements": 7, "percent_covered": 0.0, "percent_covered_display": "0", "missing_lines": 7, "excluded_lines": 0, "percent_statements_covered": 0.0, "percent_statements_covered_display": "0"}, "missing_lines": [226, 227, 230, 231, 232, 233, 235], "excluded_lines": [], "start_line": 215}, "FavoriteService.__init__": {"executed_lines": [], "summary": {"covered_lines": 0, "num_statements": 1, "percent_covered": 0.0, "percent_covered_display": "0", "missing_lines": 1, "excluded_lines": 0, "percent_statements_covered": 0.0, "percent_statements_covered_display": "0"}, "missing_lines": [247], "excluded_lines": [], "start_line": 244}, "FavoriteService.add_favorite": {"executed_lines": [], "summary": {"covered_lines": 0, "num_statements": 9, "percent_covered": 0.0, "percent_covered_display": "0", "missing_lines": 9, "excluded_lines": 0, "percent_statements_covered": 0.0, "percent_statements_covered_display": "0"}, "missing_lines": [264, 265, 266, 269, 271, 281, 282, 284, 286], "excluded_lines": [], "start_line": 249}, "FavoriteService.get_favorites": {"executed_lines": [], "summary": {"covered_lines": 0, "num_statements": 4, "percent_covered": 0.0, "percent_covered_display": "0", "missing_lines": 4, "excluded_lines": 0, "percent_statements_covered": 0.0, "percent_statements_covered_display": "0"}, "missing_lines": [301, 304, 305, 307], "excluded_lines": [], "start_line": 288}, "FavoriteService.remove_favorite": {"executed_lines": [], "summary": {"covered_lines": 0, "num_statements": 7, "percent_covered": 0.0, "percent_covered_display": "0", "missing_lines": 7, "excluded_lines": 0, "percent_statements_covered": 0.0, "percent_statements_covered_display": "0"}, "missing_lines": [320, 321, 324, 325, 326, 327, 329], "excluded_lines": [], "start_line": 309}, "FavoriteService.is_favorite": {"executed_lines": [], "summary": {"covered_lines": 0, "num_statements": 6, "percent_covered": 0.0, "percent_covered_display": "0", "missing_lines": 6, "excluded_lines": 0, "percent_statements_covered": 0.0, "percent_statements_covered_display": "0"}, "missing_lines": [343, 344, 346, 347, 351, 353], "excluded_lines": [], "start_line": 331}, "get_bookmark_service": {"executed_lines": [], "summary": {"covered_lines": 0, "num_statements": 3, "percent_covered": 0.0, "percent_covered_display": "0", "missing_lines": 3, "excluded_lines": 0, "percent_statements_covered": 0.0, "percent_statements_covered_display": "0"}, "missing_lines": [366, 367, 369], "excluded_lines": [], "start_line": 362}, "get_note_service": {"executed_lines": [], "summary": {"covered_lines": 0, "num_statements": 3, "percent_covered": 0.0, "percent_covered_display": "0", "missing_lines": 3, "excluded_lines": 0, "percent_statements_covered": 0.0, "percent_statements_covered_display": "0"}, "missing_lines": [376, 377, 379], "excluded_lines": [], "start_line": 372}, "get_favorite_service": {"executed_lines": [], "summary": {"covered_lines": 0, "num_statements": 3, "percent_covered": 0.0, "percent_covered_display": "0", "missing_lines": 3, "excluded_lines": 0, "percent_statements_covered": 0.0, "percent_statements_covered_display": "0"}, "missing_lines": [386, 387, 389], "excluded_lines": [], "start_line": 382}, "": {"executed_lines": [], "summary": {"covered_lines": 0, "num_statements": 28, "percent_covered": 0.0, "percent_covered_display": "0", "missing_lines": 28, "excluded_lines": 0, "percent_statements_covered": 0.0, "percent_statements_covered_display": "0"}, "missing_lines": [6, 7, 8, 10, 13, 19, 24, 58, 70, 93, 99, 104, 145, 166, 186, 215, 238, 244, 249, 288, 309, 331, 357, 358, 359, 362, 372, 382], "excluded_lines": [], "start_line": 1}}, "classes": {"BookmarkService": {"executed_lines": [], "summary": {"covered_lines": 0, "num_statements": 15, "percent_covered": 0.0, "percent_covered_display": "0", "missing_lines": 15, "excluded_lines": 0, "percent_statements_covered": 0.0, "percent_statements_covered_display": "0"}, "missing_lines": [22, 39, 41, 51, 52, 54, 56, 68, 81, 82, 85, 86, 87, 88, 90], "excluded_lines": [], "start_line": 13}, "NoteService": {"executed_lines": [], "summary": {"covered_lines": 0, "num_statements": 32, "percent_covered": 0.0, "percent_covered_display": "0", "missing_lines": 32, "excluded_lines": 0, "percent_statements_covered": 0.0, "percent_statements_covered_display": "0"}, "missing_lines": [102, 124, 126, 138, 139, 141, 143, 158, 161, 162, 164, 177, 178, 180, 181, 182, 184, 203, 204, 207, 208, 209, 210, 211, 213, 226, 227, 230, 231, 232, 233, 235], "excluded_lines": [], "start_line": 93}, "FavoriteService": {"executed_lines": [], "summary": {"covered_lines": 0, "num_statements": 27, "percent_covered": 0.0, "percent_covered_display": "0", "missing_lines": 27, "excluded_lines": 0, "percent_statements_covered": 0.0, "percent_statements_covered_display": "0"}, "missing_lines": [247, 264, 265, 266, 269, 271, 281, 282, 284, 286, 301, 304, 305, 307, 320, 321, 324, 325, 326, 327, 329, 343, 344, 346, 347, 351, 353], "excluded_lines": [], "start_line": 238}, "": {"executed_lines": [], "summary": {"covered_lines": 0, "num_statements": 37, "percent_covered": 0.0, "percent_covered_display": "0", "missing_lines": 37, "excluded_lines": 0, "percent_statements_covered": 0.0, "percent_statements_covered_display": "0"}, "missing_lines": [6, 7, 8, 10, 13, 19, 24, 58, 70, 93, 99, 104, 145, 166, 186, 215, 238, 244, 249, 288, 309, 331, 357, 358, 359, 362, 366, 367, 369, 372, 376, 377, 379, 382, 386, 387, 389], "excluded_lines": [], "start_line": 1}}}, "services\\classic_service.py": {"executed_lines": [7, 8, 10, 13, 16, 19, 22, 31, 32, 34, 36, 37, 38, 39, 40, 41, 43, 60, 61, 64, 74, 75, 76, 77, 78, 79, 82, 89, 90, 93, 100, 101, 104, 113, 115, 118, 119, 120, 121, 124, 125, 127, 130, 140, 141, 144, 150, 152, 159, 160, 162, 163, 165, 167, 168, 170, 171, 174, 176, 184, 186, 188, 189, 191, 192, 193, 194, 195, 201, 204, 205, 206, 208, 209, 212, 213, 215, 223, 225, 226, 227, 228, 230, 231, 232, 234, 235, 242, 243, 245, 247, 257, 258, 261, 263, 273, 274, 277, 279, 292, 299, 300, 302, 325, 328, 330, 331, 344, 381, 388, 389, 391, 398, 399, 401, 408, 409, 411, 418, 419, 438, 444, 446, 450, 451, 459, 460, 465, 466, 471, 472, 477, 478, 483, 484, 508, 513], "summary": {"covered_lines": 137, "num_statements": 177, "percent_covered": 77.40112994350282, "percent_covered_display": "77", "missing_lines": 40, "excluded_lines": 0, "percent_statements_covered": 77.40112994350282, "percent_statements_covered_display": "77"}, "missing_lines": [196, 197, 198, 199, 238, 239, 287, 288, 290, 326, 339, 341, 342, 355, 356, 357, 359, 361, 362, 370, 371, 379, 448, 456, 457, 462, 463, 468, 469, 474, 475, 480, 481, 494, 495, 510, 515, 516, 517, 518], "excluded_lines": [], "functions": {"load_classics_metadata": {"executed_lines": [31, 32, 34, 36, 37, 38, 39, 40, 41, 43, 60, 61], "summary": {"covered_lines": 12, "num_statements": 12, "percent_covered": 100.0, "percent_covered_display": "100", "missing_lines": 0, "excluded_lines": 0, "percent_statements_covered": 100.0, "percent_statements_covered_display": "100"}, "missing_lines": [], "excluded_lines": [], "start_line": 22}, "get_classic_metadata": {"executed_lines": [74, 75, 76, 77, 78, 79], "summary": {"covered_lines": 6, "num_statements": 6, "percent_covered": 100.0, "percent_covered_display": "100", "missing_lines": 0, "excluded_lines": 0, "percent_statements_covered": 100.0, "percent_statements_covered_display": "100"}, "missing_lines": [], "excluded_lines": [], "start_line": 64}, "get_all_classics": {"executed_lines": [89, 90], "summary": {"covered_lines": 2, "num_statements": 2, "percent_covered": 100.0, "percent_covered_display": "100", "missing_lines": 0, "excluded_lines": 0, "percent_statements_covered": 100.0, "percent_statements_covered_display": "100"}, "missing_lines": [], "excluded_lines": [], "start_line": 82}, "get_default_classic_id": {"executed_lines": [100, 101], "summary": {"covered_lines": 2, "num_statements": 2, "percent_covered": 100.0, "percent_covered_display": "100", "missing_lines": 0, "excluded_lines": 0, "percent_statements_covered": 100.0, "percent_statements_covered_display": "100"}, "missing_lines": [], "excluded_lines": [], "start_line": 93}, "get_fulltext_search": {"executed_lines": [113, 115, 118, 119, 120, 121, 124, 125, 127], "summary": {"covered_lines": 9, "num_statements": 9, "percent_covered": 100.0, "percent_covered_display": "100", "missing_lines": 0, "excluded_lines": 0, "percent_statements_covered": 100.0, "percent_statements_covered_display": "100"}, "missing_lines": [], "excluded_lines": [], "start_line": 104}, "validate_classic_id": {"executed_lines": [140, 141], "summary": {"covered_lines": 2, "num_statements": 2, "percent_covered": 100.0, "percent_covered_display": "100", "missing_lines": 0, "excluded_lines": 0, "percent_statements_covered": 100.0, "percent_statements_covered_display": "100"}, "missing_lines": [], "excluded_lines": [], "start_line": 130}, "ClassicService.__init__": {"executed_lines": [159, 160, 162, 163, 165, 167, 168, 170, 171, 174], "summary": {"covered_lines": 10, "num_statements": 10, "percent_covered": 100.0, "percent_covered_display": "100", "missing_lines": 0, "excluded_lines": 0, "percent_statements_covered": 100.0, "percent_statements_covered_display": "100"}, "missing_lines": [], "excluded_lines": [], "start_line": 152}, "ClassicService.load_data": {"executed_lines": [184, 186, 188, 189, 191, 192, 193, 194, 195], "summary": {"covered_lines": 9, "num_statements": 13, "percent_covered": 69.23076923076923, "percent_covered_display": "69", "missing_lines": 4, "excluded_lines": 0, "percent_statements_covered": 69.23076923076923, "percent_statements_covered_display": "69"}, "missing_lines": [196, 197, 198, 199], "excluded_lines": [], "start_line": 176}, "ClassicService.clear_cache": {"executed_lines": [204, 205, 206], "summary": {"covered_lines": 3, "num_statements": 3, "percent_covered": 100.0, "percent_covered_display": "100", "missing_lines": 0, "excluded_lines": 0, "percent_statements_covered": 100.0, "percent_statements_covered_display": "100"}, "missing_lines": [], "excluded_lines": [], "start_line": 201}, "ClassicService.clear_all_cache": {"executed_lines": [212, 213], "summary": {"covered_lines": 2, "num_statements": 2, "percent_covered": 100.0, "percent_covered_display": "100", "missing_lines": 0, "excluded_lines": 0, "percent_statements_covered": 100.0, "percent_statements_covered_display": "100"}, "missing_lines": [], "excluded_lines": [], "start_line": 209}, "ClassicService.warmup_cache": {"executed_lines": [223, 225, 242, 243, 245], "summary": {"covered_lines": 5, "num_statements": 5, "percent_covered": 100.0, "percent_covered_display": "100", "missing_lines": 0, "excluded_lines": 0, "percent_statements_covered": 100.0, "percent_statements_covered_display": "100"}, "missing_lines": [], "excluded_lines": [], "start_line": 215}, "ClassicService.warmup_cache._warmup": {"executed_lines": [226, 227, 228, 230, 231, 232, 234, 235], "summary": {"covered_lines": 8, "num_statements": 10, "percent_covered": 80.0, "percent_covered_display": "80", "missing_lines": 2, "excluded_lines": 0, "percent_statements_covered": 80.0, "percent_statements_covered_display": "80"}, "missing_lines": [238, 239], "excluded_lines": [], "start_line": 225}, "ClassicService.get_chapter": {"executed_lines": [257, 258, 261], "summary": {"covered_lines": 3, "num_statements": 3, "percent_covered": 100.0, "percent_covered_display": "100", "missing_lines": 0, "excluded_lines": 0, "percent_statements_covered": 100.0, "percent_statements_covered_display": "100"}, "missing_lines": [], "excluded_lines": [], "start_line": 247}, "ClassicService.get_chapter_with_annotation": {"executed_lines": [273, 274, 277], "summary": {"covered_lines": 3, "num_statements": 3, "percent_covered": 100.0, "percent_covered_display": "100", "missing_lines": 0, "excluded_lines": 0, "percent_statements_covered": 100.0, "percent_statements_covered_display": "100"}, "missing_lines": [], "excluded_lines": [], "start_line": 263}, "ClassicService.preload_chapters": {"executed_lines": [], "summary": {"covered_lines": 0, "num_statements": 3, "percent_covered": 0.0, "percent_covered_display": "0", "missing_lines": 3, "excluded_lines": 0, "percent_statements_covered": 0.0, "percent_statements_covered_display": "0"}, "missing_lines": [287, 288, 290], "excluded_lines": [], "start_line": 279}, "ClassicService.get_all_chapters": {"executed_lines": [299, 300], "summary": {"covered_lines": 2, "num_statements": 2, "percent_covered": 100.0, "percent_covered_display": "100", "missing_lines": 0, "excluded_lines": 0, "percent_statements_covered": 100.0, "percent_statements_covered_display": "100"}, "missing_lines": [], "excluded_lines": [], "start_line": 292}, "ClassicService.search_chapters": {"executed_lines": [325, 328, 330, 331], "summary": {"covered_lines": 4, "num_statements": 8, "percent_covered": 50.0, "percent_covered_display": "50", "missing_lines": 4, "excluded_lines": 0, "percent_statements_covered": 50.0, "percent_statements_covered_display": "50"}, "missing_lines": [326, 339, 341, 342], "excluded_lines": [], "start_line": 302}, "ClassicService._fallback_search": {"executed_lines": [], "summary": {"covered_lines": 0, "num_statements": 9, "percent_covered": 0.0, "percent_covered_display": "0", "missing_lines": 9, "excluded_lines": 0, "percent_statements_covered": 0.0, "percent_statements_covered_display": "0"}, "missing_lines": [355, 356, 357, 359, 361, 362, 370, 371, 379], "excluded_lines": [], "start_line": 344}, "ClassicService.get_commentators": {"executed_lines": [388, 389], "summary": {"covered_lines": 2, "num_statements": 2, "percent_covered": 100.0, "percent_covered_display": "100", "missing_lines": 0, "excluded_lines": 0, "percent_statements_covered": 100.0, "percent_statements_covered_display": "100"}, "missing_lines": [], "excluded_lines": [], "start_line": 381}, "ClassicService.get_translators": {"executed_lines": [398, 399], "summary": {"covered_lines": 2, "num_statements": 2, "percent_covered": 100.0, "percent_covered_display": "100", "missing_lines": 0, "excluded_lines": 0, "percent_statements_covered": 100.0, "percent_statements_covered_display": "100"}, "missing_lines": [], "excluded_lines": [], "start_line": 391}, "ClassicService.get_variants": {"executed_lines": [408, 409], "summary": {"covered_lines": 2, "num_statements": 2, "percent_covered": 100.0, "percent_covered_display": "100", "missing_lines": 0, "excluded_lines": 0, "percent_statements_covered": 100.0, "percent_statements_covered_display": "100"}, "missing_lines": [], "excluded_lines": [], "start_line": 401}, "ClassicService.to_dict": {"executed_lines": [418, 419], "summary": {"covered_lines": 2, "num_statements": 2, "percent_covered": 100.0, "percent_covered_display": "100", "missing_lines": 0, "excluded_lines": 0, "percent_statements_covered": 100.0, "percent_statements_covered_display": "100"}, "missing_lines": [], "excluded_lines": [], "start_line": 411}, "DataService.__init__": {"executed_lines": [], "summary": {"covered_lines": 0, "num_statements": 1, "percent_covered": 0.0, "percent_covered_display": "0", "missing_lines": 1, "excluded_lines": 0, "percent_statements_covered": 0.0, "percent_statements_covered_display": "0"}, "missing_lines": [448], "excluded_lines": [], "start_line": 446}, "DataService.load_data": {"executed_lines": [], "summary": {"covered_lines": 0, "num_statements": 2, "percent_covered": 0.0, "percent_covered_display": "0", "missing_lines": 2, "excluded_lines": 0, "percent_statements_covered": 0.0, "percent_statements_covered_display": "0"}, "missing_lines": [456, 457], "excluded_lines": [], "start_line": 451}, "DataService.clear_cache": {"executed_lines": [], "summary": {"covered_lines": 0, "num_statements": 2, "percent_covered": 0.0, "percent_covered_display": "0", "missing_lines": 2, "excluded_lines": 0, "percent_statements_covered": 0.0, "percent_statements_covered_display": "0"}, "missing_lines": [462, 463], "excluded_lines": [], "start_line": 460}, "DataService.get_chapter": {"executed_lines": [], "summary": {"covered_lines": 0, "num_statements": 2, "percent_covered": 0.0, "percent_covered_display": "0", "missing_lines": 2, "excluded_lines": 0, "percent_statements_covered": 0.0, "percent_statements_covered_display": "0"}, "missing_lines": [468, 469], "excluded_lines": [], "start_line": 466}, "DataService.get_chapter_with_annotation": {"executed_lines": [], "summary": {"covered_lines": 0, "num_statements": 2, "percent_covered": 0.0, "percent_covered_display": "0", "missing_lines": 2, "excluded_lines": 0, "percent_statements_covered": 0.0, "percent_statements_covered_display": "0"}, "missing_lines": [474, 475], "excluded_lines": [], "start_line": 472}, "DataService.get_all_chapters": {"executed_lines": [], "summary": {"covered_lines": 0, "num_statements": 2, "percent_covered": 0.0, "percent_covered_display": "0", "missing_lines": 2, "excluded_lines": 0, "percent_statements_covered": 0.0, "percent_statements_covered_display": "0"}, "missing_lines": [480, 481], "excluded_lines": [], "start_line": 478}, "DataService.search_chapters": {"executed_lines": [], "summary": {"covered_lines": 0, "num_statements": 2, "percent_covered": 0.0, "percent_covered_display": "0", "missing_lines": 2, "excluded_lines": 0, "percent_statements_covered": 0.0, "percent_statements_covered_display": "0"}, "missing_lines": [494, 495], "excluded_lines": [], "start_line": 484}, "load_data": {"executed_lines": [], "summary": {"covered_lines": 0, "num_statements": 1, "percent_covered": 0.0, "percent_covered_display": "0", "missing_lines": 1, "excluded_lines": 0, "percent_statements_covered": 0.0, "percent_statements_covered_display": "0"}, "missing_lines": [510], "excluded_lines": [], "start_line": 508}, "get_chapter_content": {"executed_lines": [], "summary": {"covered_lines": 0, "num_statements": 4, "percent_covered": 0.0, "percent_covered_display": "0", "missing_lines": 4, "excluded_lines": 0, "percent_statements_covered": 0.0, "percent_statements_covered_display": "0"}, "missing_lines": [515, 516, 517, 518], "excluded_lines": [], "start_line": 513}, "": {"executed_lines": [7, 8, 10, 13, 16, 19, 22, 64, 82, 93, 104, 130, 144, 150, 152, 176, 201, 208, 209, 215, 247, 263, 279, 292, 302, 344, 381, 391, 401, 411, 438, 444, 446, 450, 451, 459, 460, 465, 466, 471, 472, 477, 478, 483, 484, 508, 513], "summary": {"covered_lines": 47, "num_statements": 47, "percent_covered": 100.0, "percent_covered_display": "100", "missing_lines": 0, "excluded_lines": 0, "percent_statements_covered": 100.0, "percent_statements_covered_display": "100"}, "missing_lines": [], "excluded_lines": [], "start_line": 1}}, "classes": {"ClassicService": {"executed_lines": [159, 160, 162, 163, 165, 167, 168, 170, 171, 174, 184, 186, 188, 189, 191, 192, 193, 194, 195, 204, 205, 206, 212, 213, 223, 225, 226, 227, 228, 230, 231, 232, 234, 235, 242, 243, 245, 257, 258, 261, 273, 274, 277, 299, 300, 325, 328, 330, 331, 388, 389, 398, 399, 408, 409, 418, 419], "summary": {"covered_lines": 57, "num_statements": 79, "percent_covered": 72.15189873417721, "percent_covered_display": "72", "missing_lines": 22, "excluded_lines": 0, "percent_statements_covered": 72.15189873417721, "percent_statements_covered_display": "72"}, "missing_lines": [196, 197, 198, 199, 238, 239, 287, 288, 290, 326, 339, 341, 342, 355, 356, 357, 359, 361, 362, 370, 371, 379], "excluded_lines": [], "start_line": 144}, "DataService": {"executed_lines": [], "summary": {"covered_lines": 0, "num_statements": 13, "percent_covered": 0.0, "percent_covered_display": "0", "missing_lines": 13, "excluded_lines": 0, "percent_statements_covered": 0.0, "percent_statements_covered_display": "0"}, "missing_lines": [448, 456, 457, 462, 463, 468, 469, 474, 475, 480, 481, 494, 495], "excluded_lines": [], "start_line": 438}, "": {"executed_lines": [7, 8, 10, 13, 16, 19, 22, 31, 32, 34, 36, 37, 38, 39, 40, 41, 43, 60, 61, 64, 74, 75, 76, 77, 78, 79, 82, 89, 90, 93, 100, 101, 104, 113, 115, 118, 119, 120, 121, 124, 125, 127, 130, 140, 141, 144, 150, 152, 176, 201, 208, 209, 215, 247, 263, 279, 292, 302, 344, 381, 391, 401, 411, 438, 444, 446, 450, 451, 459, 460, 465, 466, 471, 472, 477, 478, 483, 484, 508, 513], "summary": {"covered_lines": 80, "num_statements": 85, "percent_covered": 94.11764705882354, "percent_covered_display": "94", "missing_lines": 5, "excluded_lines": 0, "percent_statements_covered": 94.11764705882354, "percent_statements_covered_display": "94"}, "missing_lines": [510, 515, 516, 517, 518], "excluded_lines": [], "start_line": 1}}}, "services\\cross_civilization_dialogue.py": {"executed_lines": [7, 8, 9, 12, 15, 16, 17, 18, 21, 22, 25, 26, 27, 28, 29, 30, 31, 32, 33, 37, 210, 214, 259, 261, 263, 264, 267, 268, 278, 280, 281, 282, 283, 285, 288, 291, 292, 293, 295, 304, 305, 307, 308, 311, 314, 316, 342, 346, 348, 353, 354, 356, 357, 374, 391, 396, 406, 407, 408, 409, 410, 421, 426, 429, 433, 435, 439, 442, 443, 444, 447, 448, 449, 451, 453, 455, 458, 459, 461, 462, 464, 465, 466, 468, 470, 474, 477, 478, 479, 480, 481, 483, 487, 489, 490, 491, 502, 505, 509, 510, 513, 517, 518, 521], "summary": {"covered_lines": 104, "num_statements": 121, "percent_covered": 85.9504132231405, "percent_covered_display": "86", "missing_lines": 17, "excluded_lines": 0, "percent_statements_covered": 85.9504132231405, "percent_statements_covered_display": "86"}, "missing_lines": [265, 359, 360, 362, 363, 365, 366, 368, 369, 372, 382, 383, 384, 389, 475, 523, 524], "excluded_lines": [], "functions": {"ConceptMapper.get_correspondence": {"executed_lines": [261, 263, 264, 267, 268, 278, 280, 281, 282, 283, 285], "summary": {"covered_lines": 11, "num_statements": 12, "percent_covered": 91.66666666666667, "percent_covered_display": "92", "missing_lines": 1, "excluded_lines": 0, "percent_statements_covered": 91.66666666666667, "percent_statements_covered_display": "92"}, "missing_lines": [265], "excluded_lines": [], "start_line": 259}, "DialogueEngine.__init__": {"executed_lines": [292, 293], "summary": {"covered_lines": 2, "num_statements": 2, "percent_covered": 100.0, "percent_covered_display": "100", "missing_lines": 0, "excluded_lines": 0, "percent_statements_covered": 100.0, "percent_statements_covered_display": "100"}, "missing_lines": [], "excluded_lines": [], "start_line": 291}, "DialogueEngine.initiate_dialogue": {"executed_lines": [304, 305, 307, 308, 311, 314, 316], "summary": {"covered_lines": 7, "num_statements": 7, "percent_covered": 100.0, "percent_covered_display": "100", "missing_lines": 0, "excluded_lines": 0, "percent_statements_covered": 100.0, "percent_statements_covered_display": "100"}, "missing_lines": [], "excluded_lines": [], "start_line": 295}, "DialogueEngine._generate_dialogue_topic": {"executed_lines": [346], "summary": {"covered_lines": 1, "num_statements": 1, "percent_covered": 100.0, "percent_covered_display": "100", "missing_lines": 0, "excluded_lines": 0, "percent_statements_covered": 100.0, "percent_statements_covered_display": "100"}, "missing_lines": [], "excluded_lines": [], "start_line": 342}, "DialogueEngine._generate_opening_remark": {"executed_lines": [353, 354, 356, 357], "summary": {"covered_lines": 4, "num_statements": 13, "percent_covered": 30.76923076923077, "percent_covered_display": "31", "missing_lines": 9, "excluded_lines": 0, "percent_statements_covered": 30.76923076923077, "percent_statements_covered_display": "31"}, "missing_lines": [359, 360, 362, 363, 365, 366, 368, 369, 372], "excluded_lines": [], "start_line": 348}, "DialogueEngine.generate_exchange": {"executed_lines": [], "summary": {"covered_lines": 0, "num_statements": 4, "percent_covered": 0.0, "percent_covered_display": "0", "missing_lines": 4, "excluded_lines": 0, "percent_statements_covered": 0.0, "percent_statements_covered_display": "0"}, "missing_lines": [382, 383, 384, 389], "excluded_lines": [], "start_line": 374}, "DialogueEngine.generate_comparative_analysis": {"executed_lines": [396, 406, 407, 408, 409, 410, 421, 426, 429, 433], "summary": {"covered_lines": 10, "num_statements": 10, "percent_covered": 100.0, "percent_covered_display": "100", "missing_lines": 0, "excluded_lines": 0, "percent_statements_covered": 100.0, "percent_statements_covered_display": "100"}, "missing_lines": [], "excluded_lines": [], "start_line": 391}, "DialogueEngine._find_commonalities": {"executed_lines": [439, 442, 443, 444, 447, 448, 449, 451], "summary": {"covered_lines": 8, "num_statements": 8, "percent_covered": 100.0, "percent_covered_display": "100", "missing_lines": 0, "excluded_lines": 0, "percent_statements_covered": 100.0, "percent_statements_covered_display": "100"}, "missing_lines": [], "excluded_lines": [], "start_line": 435}, "DialogueEngine._find_differences": {"executed_lines": [455, 458, 459, 461, 462, 464, 465, 466, 468], "summary": {"covered_lines": 9, "num_statements": 9, "percent_covered": 100.0, "percent_covered_display": "100", "missing_lines": 0, "excluded_lines": 0, "percent_statements_covered": 100.0, "percent_statements_covered_display": "100"}, "missing_lines": [], "excluded_lines": [], "start_line": 453}, "DialogueEngine._generate_synthesis": {"executed_lines": [474, 477, 478, 479, 480, 481, 483], "summary": {"covered_lines": 7, "num_statements": 8, "percent_covered": 87.5, "percent_covered_display": "88", "missing_lines": 1, "excluded_lines": 0, "percent_statements_covered": 87.5, "percent_statements_covered_display": "88"}, "missing_lines": [475], "excluded_lines": [], "start_line": 470}, "get_available_philosophers": {"executed_lines": [489, 490, 491, 502], "summary": {"covered_lines": 4, "num_statements": 4, "percent_covered": 100.0, "percent_covered_display": "100", "missing_lines": 0, "excluded_lines": 0, "percent_statements_covered": 100.0, "percent_statements_covered_display": "100"}, "missing_lines": [], "excluded_lines": [], "start_line": 487}, "start_philosophy_dialogue": {"executed_lines": [509, 510], "summary": {"covered_lines": 2, "num_statements": 2, "percent_covered": 100.0, "percent_covered_display": "100", "missing_lines": 0, "excluded_lines": 0, "percent_statements_covered": 100.0, "percent_statements_covered_display": "100"}, "missing_lines": [], "excluded_lines": [], "start_line": 505}, "get_comparative_analysis": {"executed_lines": [517, 518], "summary": {"covered_lines": 2, "num_statements": 2, "percent_covered": 100.0, "percent_covered_display": "100", "missing_lines": 0, "excluded_lines": 0, "percent_statements_covered": 100.0, "percent_statements_covered_display": "100"}, "missing_lines": [], "excluded_lines": [], "start_line": 513}, "get_concept_correspondences": {"executed_lines": [], "summary": {"covered_lines": 0, "num_statements": 2, "percent_covered": 0.0, "percent_covered_display": "0", "missing_lines": 2, "excluded_lines": 0, "percent_statements_covered": 0.0, "percent_statements_covered_display": "0"}, "missing_lines": [523, 524], "excluded_lines": [], "start_line": 521}, "": {"executed_lines": [7, 8, 9, 12, 15, 16, 17, 18, 21, 22, 25, 26, 27, 28, 29, 30, 31, 32, 33, 37, 210, 214, 259, 288, 291, 295, 342, 348, 374, 391, 435, 453, 470, 487, 505, 513, 521], "summary": {"covered_lines": 37, "num_statements": 37, "percent_covered": 100.0, "percent_covered_display": "100", "missing_lines": 0, "excluded_lines": 0, "percent_statements_covered": 100.0, "percent_statements_covered_display": "100"}, "missing_lines": [], "excluded_lines": [], "start_line": 1}}, "classes": {"PhilosopherType": {"executed_lines": [], "summary": {"covered_lines": 0, "num_statements": 0, "percent_covered": 100.0, "percent_covered_display": "100", "missing_lines": 0, "excluded_lines": 0, "percent_statements_covered": 100.0, "percent_statements_covered_display": "100"}, "missing_lines": [], "excluded_lines": [], "start_line": 12}, "PhilosopherPersona": {"executed_lines": [], "summary": {"covered_lines": 0, "num_statements": 0, "percent_covered": 100.0, "percent_covered_display": "100", "missing_lines": 0, "excluded_lines": 0, "percent_statements_covered": 100.0, "percent_statements_covered_display": "100"}, "missing_lines": [], "excluded_lines": [], "start_line": 22}, "ConceptMapper": {"executed_lines": [261, 263, 264, 267, 268, 278, 280, 281, 282, 283, 285], "summary": {"covered_lines": 11, "num_statements": 12, "percent_covered": 91.66666666666667, "percent_covered_display": "92", "missing_lines": 1, "excluded_lines": 0, "percent_statements_covered": 91.66666666666667, "percent_statements_covered_display": "92"}, "missing_lines": [265], "excluded_lines": [], "start_line": 210}, "DialogueEngine": {"executed_lines": [292, 293, 304, 305, 307, 308, 311, 314, 316, 346, 353, 354, 356, 357, 396, 406, 407, 408, 409, 410, 421, 426, 429, 433, 439, 442, 443, 444, 447, 448, 449, 451, 455, 458, 459, 461, 462, 464, 465, 466, 468, 474, 477, 478, 479, 480, 481, 483], "summary": {"covered_lines": 48, "num_statements": 62, "percent_covered": 77.41935483870968, "percent_covered_display": "77", "missing_lines": 14, "excluded_lines": 0, "percent_statements_covered": 77.41935483870968, "percent_statements_covered_display": "77"}, "missing_lines": [359, 360, 362, 363, 365, 366, 368, 369, 372, 382, 383, 384, 389, 475], "excluded_lines": [], "start_line": 288}, "": {"executed_lines": [7, 8, 9, 12, 15, 16, 17, 18, 21, 22, 25, 26, 27, 28, 29, 30, 31, 32, 33, 37, 210, 214, 259, 288, 291, 295, 342, 348, 374, 391, 435, 453, 470, 487, 489, 490, 491, 502, 505, 509, 510, 513, 517, 518, 521], "summary": {"covered_lines": 45, "num_statements": 47, "percent_covered": 95.74468085106383, "percent_covered_display": "96", "missing_lines": 2, "excluded_lines": 0, "percent_statements_covered": 95.74468085106383, "percent_statements_covered_display": "96"}, "missing_lines": [523, 524], "excluded_lines": [], "start_line": 1}}}, "services\\data_service.py": {"executed_lines": [6, 7, 9, 10, 13, 16, 18, 19, 26, 27, 28, 30, 31, 32, 33, 34, 40, 41, 45, 46, 56, 57, 60, 62, 63, 73, 74, 78, 80, 85, 86, 87, 90, 92, 94, 95, 105, 106, 116, 117, 119, 120, 121, 123, 125, 126, 134, 135, 143, 147, 152], "summary": {"covered_lines": 51, "num_statements": 62, "percent_covered": 82.25806451612904, "percent_covered_display": "82", "missing_lines": 11, "excluded_lines": 0, "percent_statements_covered": 82.25806451612904, "percent_statements_covered_display": "82"}, "missing_lines": [35, 36, 37, 38, 43, 102, 103, 149, 154, 155, 156], "excluded_lines": [], "functions": {"DataService.load_data": {"executed_lines": [26, 27, 28, 30, 31, 32, 33, 34], "summary": {"covered_lines": 8, "num_statements": 12, "percent_covered": 66.66666666666667, "percent_covered_display": "67", "missing_lines": 4, "excluded_lines": 0, "percent_statements_covered": 66.66666666666667, "percent_statements_covered_display": "67"}, "missing_lines": [35, 36, 37, 38], "excluded_lines": [], "start_line": 19}, "DataService.clear_cache": {"executed_lines": [], "summary": {"covered_lines": 0, "num_statements": 1, "percent_covered": 0.0, "percent_covered_display": "0", "missing_lines": 1, "excluded_lines": 0, "percent_statements_covered": 0.0, "percent_statements_covered_display": "0"}, "missing_lines": [43], "excluded_lines": [], "start_line": 41}, "DataService.get_chapter": {"executed_lines": [56, 57, 60], "summary": {"covered_lines": 3, "num_statements": 3, "percent_covered": 100.0, "percent_covered_display": "100", "missing_lines": 0, "excluded_lines": 0, "percent_statements_covered": 100.0, "percent_statements_covered_display": "100"}, "missing_lines": [], "excluded_lines": [], "start_line": 46}, "DataService.get_chapter_with_annotation": {"executed_lines": [73, 74, 78, 80, 85, 86, 87, 90, 92], "summary": {"covered_lines": 9, "num_statements": 9, "percent_covered": 100.0, "percent_covered_display": "100", "missing_lines": 0, "excluded_lines": 0, "percent_statements_covered": 100.0, "percent_statements_covered_display": "100"}, "missing_lines": [], "excluded_lines": [], "start_line": 63}, "DataService.get_all_chapters": {"executed_lines": [], "summary": {"covered_lines": 0, "num_statements": 2, "percent_covered": 0.0, "percent_covered_display": "0", "missing_lines": 2, "excluded_lines": 0, "percent_statements_covered": 0.0, "percent_statements_covered_display": "0"}, "missing_lines": [102, 103], "excluded_lines": [], "start_line": 95}, "DataService.search_chapters": {"executed_lines": [116, 117, 119, 120, 121, 123, 125, 126, 134, 135, 143], "summary": {"covered_lines": 11, "num_statements": 11, "percent_covered": 100.0, "percent_covered_display": "100", "missing_lines": 0, "excluded_lines": 0, "percent_statements_covered": 100.0, "percent_statements_covered_display": "100"}, "missing_lines": [], "excluded_lines": [], "start_line": 106}, "load_data": {"executed_lines": [], "summary": {"covered_lines": 0, "num_statements": 1, "percent_covered": 0.0, "percent_covered_display": "0", "missing_lines": 1, "excluded_lines": 0, "percent_statements_covered": 0.0, "percent_statements_covered_display": "0"}, "missing_lines": [149], "excluded_lines": [], "start_line": 147}, "get_chapter_content": {"executed_lines": [], "summary": {"covered_lines": 0, "num_statements": 3, "percent_covered": 0.0, "percent_covered_display": "0", "missing_lines": 3, "excluded_lines": 0, "percent_statements_covered": 0.0, "percent_statements_covered_display": "0"}, "missing_lines": [154, 155, 156], "excluded_lines": [], "start_line": 152}, "": {"executed_lines": [6, 7, 9, 10, 13, 16, 18, 19, 40, 41, 45, 46, 62, 63, 94, 95, 105, 106, 147, 152], "summary": {"covered_lines": 20, "num_statements": 20, "percent_covered": 100.0, "percent_covered_display": "100", "missing_lines": 0, "excluded_lines": 0, "percent_statements_covered": 100.0, "percent_statements_covered_display": "100"}, "missing_lines": [], "excluded_lines": [], "start_line": 1}}, "classes": {"DataService": {"executed_lines": [26, 27, 28, 30, 31, 32, 33, 34, 56, 57, 60, 73, 74, 78, 80, 85, 86, 87, 90, 92, 116, 117, 119, 120, 121, 123, 125, 126, 134, 135, 143], "summary": {"covered_lines": 31, "num_statements": 38, "percent_covered": 81.57894736842105, "percent_covered_display": "82", "missing_lines": 7, "excluded_lines": 0, "percent_statements_covered": 81.57894736842105, "percent_statements_covered_display": "82"}, "missing_lines": [35, 36, 37, 38, 43, 102, 103], "excluded_lines": [], "start_line": 13}, "": {"executed_lines": [6, 7, 9, 10, 13, 16, 18, 19, 40, 41, 45, 46, 62, 63, 94, 95, 105, 106, 147, 152], "summary": {"covered_lines": 20, "num_statements": 24, "percent_covered": 83.33333333333333, "percent_covered_display": "83", "missing_lines": 4, "excluded_lines": 0, "percent_statements_covered": 83.33333333333333, "percent_statements_covered_display": "83"}, "missing_lines": [149, 154, 155, 156], "excluded_lines": [], "start_line": 1}}}, "services\\fulltext_search.py": {"executed_lines": [7, 8, 9, 10, 12, 13, 16, 22, 25, 27, 29, 36, 39, 40, 41, 42, 43, 44, 45, 47, 59, 63, 67, 75, 79, 82, 83, 85, 88, 94, 101, 102, 105, 106, 107, 110, 112, 114, 115, 118, 119, 120, 121, 123, 124, 125, 129, 132, 135, 138, 139, 140, 143, 144, 147, 153, 155, 165, 168, 169, 172, 173, 176, 186, 187, 190, 197, 198, 200, 202, 214, 215, 216, 219, 220, 221, 224, 232, 255, 256, 258, 261, 262, 264, 268, 277, 278, 281, 285, 290, 295, 296, 297, 299, 301, 309, 312, 313, 314, 317, 320, 321, 322, 330, 366, 387, 389, 391, 392, 396, 397, 400, 406, 408, 409, 410, 411, 412, 413, 421, 431, 432, 433, 434, 436, 438, 440, 450, 451, 454, 455, 458, 459, 460, 461, 468, 482, 483, 493, 494, 495, 498, 499, 502, 506, 523, 537, 541, 542, 543, 544, 547, 548, 571, 582, 584, 587, 593, 600, 601, 603, 642, 651, 653, 656, 658, 665, 671, 678, 680, 695, 696, 698, 701, 702, 703, 704, 705, 708, 718, 719, 728, 729, 736, 737, 744, 745, 746, 747, 748, 749, 750, 751, 753, 755, 768, 771, 772, 773, 776, 780, 782, 783, 803, 805, 818, 821, 824, 832, 833, 834, 835, 843, 844, 846, 847, 849, 851, 861, 863, 871, 873, 883, 886, 887, 888, 889, 890, 891, 899, 900, 902, 903, 906, 907, 908, 909, 910, 911, 912, 914], "summary": {"covered_lines": 241, "num_statements": 304, "percent_covered": 79.27631578947368, "percent_covered_display": "79", "missing_lines": 63, "excluded_lines": 0, "percent_statements_covered": 79.27631578947368, "percent_statements_covered_display": "79"}, "missing_lines": [60, 126, 149, 150, 265, 282, 310, 345, 347, 349, 351, 352, 354, 357, 358, 359, 363, 364, 393, 401, 402, 403, 414, 422, 452, 456, 465, 466, 484, 538, 545, 551, 552, 553, 556, 557, 558, 559, 564, 565, 566, 567, 569, 583, 611, 612, 615, 622, 632, 633, 637, 639, 640, 660, 662, 709, 786, 787, 788, 789, 792, 800, 801], "excluded_lines": [], "functions": {"TFIDFCalculator.__init__": {"executed_lines": [25, 27], "summary": {"covered_lines": 2, "num_statements": 2, "percent_covered": 100.0, "percent_covered_display": "100", "missing_lines": 0, "excluded_lines": 0, "percent_statements_covered": 100.0, "percent_statements_covered_display": "100"}, "missing_lines": [], "excluded_lines": [], "start_line": 22}, "TFIDFCalculator.fit": {"executed_lines": [36, 39, 40, 41, 42, 43, 44, 45], "summary": {"covered_lines": 8, "num_statements": 8, "percent_covered": 100.0, "percent_covered_display": "100", "missing_lines": 0, "excluded_lines": 0, "percent_statements_covered": 100.0, "percent_statements_covered_display": "100"}, "missing_lines": [], "excluded_lines": [], "start_line": 29}, "TFIDFCalculator.calculate_tfidf": {"executed_lines": [59, 63, 67, 75, 79, 82, 83, 85], "summary": {"covered_lines": 8, "num_statements": 9, "percent_covered": 88.88888888888889, "percent_covered_display": "89", "missing_lines": 1, "excluded_lines": 0, "percent_statements_covered": 88.88888888888889, "percent_statements_covered_display": "89"}, "missing_lines": [60], "excluded_lines": [], "start_line": 47}, "FullTextSearch.__init__": {"executed_lines": [101, 102, 105, 106, 107, 110], "summary": {"covered_lines": 6, "num_statements": 6, "percent_covered": 100.0, "percent_covered_display": "100", "missing_lines": 0, "excluded_lines": 0, "percent_statements_covered": 100.0, "percent_statements_covered_display": "100"}, "missing_lines": [], "excluded_lines": [], "start_line": 94}, "FullTextSearch._build_index": {"executed_lines": [114, 115, 118, 119, 120, 121, 123, 124, 125, 129, 132, 135, 138, 139, 140, 143, 144, 147, 153], "summary": {"covered_lines": 19, "num_statements": 22, "percent_covered": 86.36363636363636, "percent_covered_display": "86", "missing_lines": 3, "excluded_lines": 0, "percent_statements_covered": 86.36363636363636, "percent_statements_covered_display": "86"}, "missing_lines": [126, 149, 150], "excluded_lines": [], "start_line": 112}, "FullTextSearch._collect_searchable_texts": {"executed_lines": [165, 168, 169, 172, 173, 176, 186, 187, 190, 197, 198, 200], "summary": {"covered_lines": 12, "num_statements": 12, "percent_covered": 100.0, "percent_covered_display": "100", "missing_lines": 0, "excluded_lines": 0, "percent_statements_covered": 100.0, "percent_statements_covered_display": "100"}, "missing_lines": [], "excluded_lines": [], "start_line": 155}, "FullTextSearch._build_inverted_index": {"executed_lines": [214, 215, 216, 219, 220, 221, 224], "summary": {"covered_lines": 7, "num_statements": 7, "percent_covered": 100.0, "percent_covered_display": "100", "missing_lines": 0, "excluded_lines": 0, "percent_statements_covered": 100.0, "percent_statements_covered_display": "100"}, "missing_lines": [], "excluded_lines": [], "start_line": 202}, "FullTextSearch.search": {"executed_lines": [255, 256, 258, 261, 262, 264, 268, 277, 278, 281, 285, 290, 295, 296, 297, 299], "summary": {"covered_lines": 16, "num_statements": 18, "percent_covered": 88.88888888888889, "percent_covered_display": "89", "missing_lines": 2, "excluded_lines": 0, "percent_statements_covered": 88.88888888888889, "percent_statements_covered_display": "89"}, "missing_lines": [265, 282], "excluded_lines": [], "start_line": 232}, "FullTextSearch._add_exact_matches": {"executed_lines": [309, 312, 313, 314, 317, 320, 321, 322], "summary": {"covered_lines": 8, "num_statements": 9, "percent_covered": 88.88888888888889, "percent_covered_display": "89", "missing_lines": 1, "excluded_lines": 0, "percent_statements_covered": 88.88888888888889, "percent_statements_covered_display": "89"}, "missing_lines": [310], "excluded_lines": [], "start_line": 301}, "FullTextSearch._add_fuzzy_matches": {"executed_lines": [], "summary": {"covered_lines": 0, "num_statements": 11, "percent_covered": 0.0, "percent_covered_display": "0", "missing_lines": 11, "excluded_lines": 0, "percent_statements_covered": 0.0, "percent_statements_covered_display": "0"}, "missing_lines": [345, 347, 349, 351, 352, 354, 357, 358, 359, 363, 364], "excluded_lines": [], "start_line": 330}, "FullTextSearch._apply_filters": {"executed_lines": [387, 389, 391, 392, 396, 397, 400, 406, 408, 409, 410, 411, 412, 413, 421, 431, 432, 433, 434, 436, 438], "summary": {"covered_lines": 21, "num_statements": 27, "percent_covered": 77.77777777777777, "percent_covered_display": "78", "missing_lines": 6, "excluded_lines": 0, "percent_statements_covered": 77.77777777777777, "percent_statements_covered_display": "78"}, "missing_lines": [393, 401, 402, 403, 414, 422], "excluded_lines": [], "start_line": 366}, "FullTextSearch._get_chapter_detail": {"executed_lines": [450, 451, 454, 455, 458, 459, 460, 461], "summary": {"covered_lines": 8, "num_statements": 12, "percent_covered": 66.66666666666667, "percent_covered_display": "67", "missing_lines": 4, "excluded_lines": 0, "percent_statements_covered": 66.66666666666667, "percent_statements_covered_display": "67"}, "missing_lines": [452, 456, 465, 466], "excluded_lines": [], "start_line": 440}, "FullTextSearch._format_result": {"executed_lines": [482, 483, 493, 494, 495, 498, 499, 502, 506], "summary": {"covered_lines": 9, "num_statements": 10, "percent_covered": 90.0, "percent_covered_display": "90", "missing_lines": 1, "excluded_lines": 0, "percent_statements_covered": 90.0, "percent_statements_covered_display": "90"}, "missing_lines": [484], "excluded_lines": [], "start_line": 468}, "FullTextSearch._get_context_with_highlighting": {"executed_lines": [537, 541, 542, 543, 544, 547, 548], "summary": {"covered_lines": 7, "num_statements": 21, "percent_covered": 33.333333333333336, "percent_covered_display": "33", "missing_lines": 14, "excluded_lines": 0, "percent_statements_covered": 33.333333333333336, "percent_statements_covered_display": "33"}, "missing_lines": [538, 545, 551, 552, 553, 556, 557, 558, 559, 564, 565, 566, 567, 569], "excluded_lines": [], "start_line": 523}, "FullTextSearch._get_plain_context": {"executed_lines": [582, 584], "summary": {"covered_lines": 2, "num_statements": 3, "percent_covered": 66.66666666666667, "percent_covered_display": "67", "missing_lines": 1, "excluded_lines": 0, "percent_statements_covered": 66.66666666666667, "percent_statements_covered_display": "67"}, "missing_lines": [583], "excluded_lines": [], "start_line": 571}, "SearchHistoryManager.__init__": {"executed_lines": [600, 601], "summary": {"covered_lines": 2, "num_statements": 2, "percent_covered": 100.0, "percent_covered_display": "100", "missing_lines": 0, "excluded_lines": 0, "percent_statements_covered": 100.0, "percent_statements_covered_display": "100"}, "missing_lines": [], "excluded_lines": [], "start_line": 593}, "SearchHistoryManager.add_search": {"executed_lines": [], "summary": {"covered_lines": 0, "num_statements": 9, "percent_covered": 0.0, "percent_covered_display": "0", "missing_lines": 9, "excluded_lines": 0, "percent_statements_covered": 0.0, "percent_statements_covered_display": "0"}, "missing_lines": [611, 612, 615, 622, 632, 633, 637, 639, 640], "excluded_lines": [], "start_line": 603}, "SearchHistoryManager.get_history": {"executed_lines": [651], "summary": {"covered_lines": 1, "num_statements": 1, "percent_covered": 100.0, "percent_covered_display": "100", "missing_lines": 0, "excluded_lines": 0, "percent_statements_covered": 100.0, "percent_statements_covered_display": "100"}, "missing_lines": [], "excluded_lines": [], "start_line": 642}, "SearchHistoryManager.clear_history": {"executed_lines": [656], "summary": {"covered_lines": 1, "num_statements": 1, "percent_covered": 100.0, "percent_covered_display": "100", "missing_lines": 0, "excluded_lines": 0, "percent_statements_covered": 100.0, "percent_statements_covered_display": "100"}, "missing_lines": [], "excluded_lines": [], "start_line": 653}, "SearchHistoryManager._get_timestamp": {"executed_lines": [], "summary": {"covered_lines": 0, "num_statements": 2, "percent_covered": 0.0, "percent_covered_display": "0", "missing_lines": 2, "excluded_lines": 0, "percent_statements_covered": 0.0, "percent_statements_covered_display": "0"}, "missing_lines": [660, 662], "excluded_lines": [], "start_line": 658}, "PersonalizedRecommender.__init__": {"executed_lines": [678], "summary": {"covered_lines": 1, "num_statements": 1, "percent_covered": 100.0, "percent_covered_display": "100", "missing_lines": 0, "excluded_lines": 0, "percent_statements_covered": 100.0, "percent_statements_covered_display": "100"}, "missing_lines": [], "excluded_lines": [], "start_line": 671}, "PersonalizedRecommender.recommend_chapters": {"executed_lines": [695, 696, 698, 701, 702, 703, 704, 705, 708, 718, 719, 728, 729, 736, 737, 744, 745, 746, 747, 748, 749, 750, 751, 753], "summary": {"covered_lines": 24, "num_statements": 25, "percent_covered": 96.0, "percent_covered_display": "96", "missing_lines": 1, "excluded_lines": 0, "percent_statements_covered": 96.0, "percent_statements_covered_display": "96"}, "missing_lines": [709], "excluded_lines": [], "start_line": 680}, "PersonalizedRecommender._recommend_cross_classic_similar": {"executed_lines": [768, 771, 772, 773, 776, 780, 782, 783, 803], "summary": {"covered_lines": 9, "num_statements": 16, "percent_covered": 56.25, "percent_covered_display": "56", "missing_lines": 7, "excluded_lines": 0, "percent_statements_covered": 56.25, "percent_statements_covered_display": "56"}, "missing_lines": [786, 787, 788, 789, 792, 800, 801], "excluded_lines": [], "start_line": 755}, "PersonalizedRecommender._recommend_classic_chapters": {"executed_lines": [818, 821, 824, 832, 833, 834, 835, 843, 844, 846, 847, 849], "summary": {"covered_lines": 12, "num_statements": 12, "percent_covered": 100.0, "percent_covered_display": "100", "missing_lines": 0, "excluded_lines": 0, "percent_statements_covered": 100.0, "percent_statements_covered_display": "100"}, "missing_lines": [], "excluded_lines": [], "start_line": 805}, "PersonalizedRecommender._get_classic_chapters": {"executed_lines": [861, 863, 871], "summary": {"covered_lines": 3, "num_statements": 3, "percent_covered": 100.0, "percent_covered_display": "100", "missing_lines": 0, "excluded_lines": 0, "percent_statements_covered": 100.0, "percent_statements_covered_display": "100"}, "missing_lines": [], "excluded_lines": [], "start_line": 851}, "PersonalizedRecommender._get_random_recommendations": {"executed_lines": [883, 886, 887, 888, 889, 890, 891, 899, 900, 902, 903, 906, 907, 908, 909, 910, 911, 912, 914], "summary": {"covered_lines": 19, "num_statements": 19, "percent_covered": 100.0, "percent_covered_display": "100", "missing_lines": 0, "excluded_lines": 0, "percent_statements_covered": 100.0, "percent_statements_covered_display": "100"}, "missing_lines": [], "excluded_lines": [], "start_line": 873}, "": {"executed_lines": [7, 8, 9, 10, 12, 13, 16, 22, 29, 47, 88, 94, 112, 155, 202, 232, 301, 330, 366, 440, 468, 523, 571, 587, 593, 603, 642, 653, 658, 665, 671, 680, 755, 805, 851, 873], "summary": {"covered_lines": 36, "num_statements": 36, "percent_covered": 100.0, "percent_covered_display": "100", "missing_lines": 0, "excluded_lines": 0, "percent_statements_covered": 100.0, "percent_statements_covered_display": "100"}, "missing_lines": [], "excluded_lines": [], "start_line": 1}}, "classes": {"TFIDFCalculator": {"executed_lines": [25, 27, 36, 39, 40, 41, 42, 43, 44, 45, 59, 63, 67, 75, 79, 82, 83, 85], "summary": {"covered_lines": 18, "num_statements": 19, "percent_covered": 94.73684210526316, "percent_covered_display": "95", "missing_lines": 1, "excluded_lines": 0, "percent_statements_covered": 94.73684210526316, "percent_statements_covered_display": "95"}, "missing_lines": [60], "excluded_lines": [], "start_line": 16}, "FullTextSearch": {"executed_lines": [101, 102, 105, 106, 107, 110, 114, 115, 118, 119, 120, 121, 123, 124, 125, 129, 132, 135, 138, 139, 140, 143, 144, 147, 153, 165, 168, 169, 172, 173, 176, 186, 187, 190, 197, 198, 200, 214, 215, 216, 219, 220, 221, 224, 255, 256, 258, 261, 262, 264, 268, 277, 278, 281, 285, 290, 295, 296, 297, 299, 309, 312, 313, 314, 317, 320, 321, 322, 387, 389, 391, 392, 396, 397, 400, 406, 408, 409, 410, 411, 412, 413, 421, 431, 432, 433, 434, 436, 438, 450, 451, 454, 455, 458, 459, 460, 461, 482, 483, 493, 494, 495, 498, 499, 502, 506, 537, 541, 542, 543, 544, 547, 548, 582, 584], "summary": {"covered_lines": 115, "num_statements": 158, "percent_covered": 72.78481012658227, "percent_covered_display": "73", "missing_lines": 43, "excluded_lines": 0, "percent_statements_covered": 72.78481012658227, "percent_statements_covered_display": "73"}, "missing_lines": [126, 149, 150, 265, 282, 310, 345, 347, 349, 351, 352, 354, 357, 358, 359, 363, 364, 393, 401, 402, 403, 414, 422, 452, 456, 465, 466, 484, 538, 545, 551, 552, 553, 556, 557, 558, 559, 564, 565, 566, 567, 569, 583], "excluded_lines": [], "start_line": 88}, "SearchHistoryManager": {"executed_lines": [600, 601, 651, 656], "summary": {"covered_lines": 4, "num_statements": 15, "percent_covered": 26.666666666666668, "percent_covered_display": "27", "missing_lines": 11, "excluded_lines": 0, "percent_statements_covered": 26.666666666666668, "percent_statements_covered_display": "27"}, "missing_lines": [611, 612, 615, 622, 632, 633, 637, 639, 640, 660, 662], "excluded_lines": [], "start_line": 587}, "PersonalizedRecommender": {"executed_lines": [678, 695, 696, 698, 701, 702, 703, 704, 705, 708, 718, 719, 728, 729, 736, 737, 744, 745, 746, 747, 748, 749, 750, 751, 753, 768, 771, 772, 773, 776, 780, 782, 783, 803, 818, 821, 824, 832, 833, 834, 835, 843, 844, 846, 847, 849, 861, 863, 871, 883, 886, 887, 888, 889, 890, 891, 899, 900, 902, 903, 906, 907, 908, 909, 910, 911, 912, 914], "summary": {"covered_lines": 68, "num_statements": 76, "percent_covered": 89.47368421052632, "percent_covered_display": "89", "missing_lines": 8, "excluded_lines": 0, "percent_statements_covered": 89.47368421052632, "percent_statements_covered_display": "89"}, "missing_lines": [709, 786, 787, 788, 789, 792, 800, 801], "excluded_lines": [], "start_line": 665}, "": {"executed_lines": [7, 8, 9, 10, 12, 13, 16, 22, 29, 47, 88, 94, 112, 155, 202, 232, 301, 330, 366, 440, 468, 523, 571, 587, 593, 603, 642, 653, 658, 665, 671, 680, 755, 805, 851, 873], "summary": {"covered_lines": 36, "num_statements": 36, "percent_covered": 100.0, "percent_covered_display": "100", "missing_lines": 0, "excluded_lines": 0, "percent_statements_covered": 100.0, "percent_statements_covered_display": "100"}, "missing_lines": [], "excluded_lines": [], "start_line": 1}}}, "services\\knowledge_graph.py": {"executed_lines": [7, 8, 9, 12, 16, 25, 34, 35, 38, 42, 44, 47, 48, 49, 52, 91, 92, 93, 96, 97, 99, 101, 103, 104, 110, 111, 112, 113, 114, 116, 119, 123, 214, 215, 217, 225, 227, 241, 243, 246, 247, 280, 281, 282, 284, 286, 288, 292, 293, 294, 295, 296, 297, 298, 300, 306, 308, 309, 310, 311, 312, 313, 315, 316, 317, 326, 328, 330, 334, 335, 336, 337, 339, 341, 343, 345, 346, 347, 348, 353, 356, 357, 358, 359, 360, 362, 364, 365, 366, 367, 368, 373, 375, 378, 379, 380, 383, 384, 385, 389, 390, 392, 393, 404, 405, 416, 417, 429, 436, 438, 439, 440, 441, 442, 443, 444, 446, 463, 465, 466, 470, 473, 474, 489, 490, 491, 492, 497, 502, 504, 512, 514, 521, 522, 523, 532, 539, 541, 542, 545, 548, 549, 551, 552, 553, 555, 558, 560, 561, 563, 569, 571, 572, 574, 575, 576, 580, 581, 582, 590], "summary": {"covered_lines": 160, "num_statements": 176, "percent_covered": 90.9090909090909, "percent_covered_display": "91", "missing_lines": 16, "excluded_lines": 0, "percent_statements_covered": 90.9090909090909, "percent_statements_covered_display": "91"}, "missing_lines": [244, 289, 331, 344, 350, 369, 370, 371, 376, 418, 419, 420, 448, 459, 471, 543], "excluded_lines": [], "functions": {"ConceptExtractor.__init__": {"executed_lines": [35, 38], "summary": {"covered_lines": 2, "num_statements": 2, "percent_covered": 100.0, "percent_covered_display": "100", "missing_lines": 0, "excluded_lines": 0, "percent_statements_covered": 100.0, "percent_statements_covered_display": "100"}, "missing_lines": [], "excluded_lines": [], "start_line": 34}, "ConceptExtractor.extract_from_chapter": {"executed_lines": [44, 47, 48, 49, 52, 91, 92, 93, 96, 97, 99], "summary": {"covered_lines": 11, "num_statements": 11, "percent_covered": 100.0, "percent_covered_display": "100", "missing_lines": 0, "excluded_lines": 0, "percent_statements_covered": 100.0, "percent_statements_covered_display": "100"}, "missing_lines": [], "excluded_lines": [], "start_line": 42}, "ConceptExtractor.build_cooccurrence_network": {"executed_lines": [103, 104, 110, 111, 112, 113, 114, 116], "summary": {"covered_lines": 8, "num_statements": 8, "percent_covered": 100.0, "percent_covered_display": "100", "missing_lines": 0, "excluded_lines": 0, "percent_statements_covered": 100.0, "percent_statements_covered_display": "100"}, "missing_lines": [], "excluded_lines": [], "start_line": 101}, "CommentryAnalyzer.__init__": {"executed_lines": [215], "summary": {"covered_lines": 1, "num_statements": 1, "percent_covered": 100.0, "percent_covered_display": "100", "missing_lines": 0, "excluded_lines": 0, "percent_statements_covered": 100.0, "percent_statements_covered_display": "100"}, "missing_lines": [], "excluded_lines": [], "start_line": 214}, "CommentryAnalyzer.analyze_commentary": {"executed_lines": [225, 227], "summary": {"covered_lines": 2, "num_statements": 2, "percent_covered": 100.0, "percent_covered_display": "100", "missing_lines": 0, "excluded_lines": 0, "percent_statements_covered": 100.0, "percent_statements_covered_display": "100"}, "missing_lines": [], "excluded_lines": [], "start_line": 217}, "CommentryAnalyzer._extract_key_concepts": {"executed_lines": [243, 246, 247, 280, 281, 282, 284], "summary": {"covered_lines": 7, "num_statements": 8, "percent_covered": 87.5, "percent_covered_display": "88", "missing_lines": 1, "excluded_lines": 0, "percent_statements_covered": 87.5, "percent_statements_covered_display": "88"}, "missing_lines": [244], "excluded_lines": [], "start_line": 241}, "CommentryAnalyzer._detect_stance": {"executed_lines": [288, 292, 293, 294, 295, 296, 297, 298], "summary": {"covered_lines": 8, "num_statements": 9, "percent_covered": 88.88888888888889, "percent_covered_display": "89", "missing_lines": 1, "excluded_lines": 0, "percent_statements_covered": 88.88888888888889, "percent_statements_covered_display": "89"}, "missing_lines": [289], "excluded_lines": [], "start_line": 286}, "CommentryAnalyzer.compare_commentators": {"executed_lines": [306, 308, 309, 310, 311, 312, 313, 315, 316, 317, 326], "summary": {"covered_lines": 11, "num_statements": 11, "percent_covered": 100.0, "percent_covered_display": "100", "missing_lines": 0, "excluded_lines": 0, "percent_statements_covered": 100.0, "percent_statements_covered_display": "100"}, "missing_lines": [], "excluded_lines": [], "start_line": 300}, "CommentryAnalyzer._calculate_similarity": {"executed_lines": [330, 334, 335, 336, 337, 339], "summary": {"covered_lines": 6, "num_statements": 7, "percent_covered": 85.71428571428571, "percent_covered_display": "86", "missing_lines": 1, "excluded_lines": 0, "percent_statements_covered": 85.71428571428571, "percent_statements_covered_display": "86"}, "missing_lines": [331], "excluded_lines": [], "start_line": 328}, "CommentryAnalyzer._determine_relationship": {"executed_lines": [343, 345, 346, 347, 348], "summary": {"covered_lines": 5, "num_statements": 7, "percent_covered": 71.42857142857143, "percent_covered_display": "71", "missing_lines": 2, "excluded_lines": 0, "percent_statements_covered": 71.42857142857143, "percent_statements_covered_display": "71"}, "missing_lines": [344, 350], "excluded_lines": [], "start_line": 341}, "KnowledgeGraphBuilder.__init__": {"executed_lines": [357, 358, 359, 360], "summary": {"covered_lines": 4, "num_statements": 4, "percent_covered": 100.0, "percent_covered_display": "100", "missing_lines": 0, "excluded_lines": 0, "percent_statements_covered": 100.0, "percent_statements_covered_display": "100"}, "missing_lines": [], "excluded_lines": [], "start_line": 356}, "KnowledgeGraphBuilder.load_data": {"executed_lines": [364, 365, 366, 367, 368], "summary": {"covered_lines": 5, "num_statements": 8, "percent_covered": 62.5, "percent_covered_display": "62", "missing_lines": 3, "excluded_lines": 0, "percent_statements_covered": 62.5, "percent_statements_covered_display": "62"}, "missing_lines": [369, 370, 371], "excluded_lines": [], "start_line": 362}, "KnowledgeGraphBuilder.build_concept_graph": {"executed_lines": [375, 378, 379, 380, 383, 384, 385, 389, 390, 392, 393, 404, 405, 416, 417, 429], "summary": {"covered_lines": 16, "num_statements": 20, "percent_covered": 80.0, "percent_covered_display": "80", "missing_lines": 4, "excluded_lines": 0, "percent_statements_covered": 80.0, "percent_statements_covered_display": "80"}, "missing_lines": [376, 418, 419, 420], "excluded_lines": [], "start_line": 373}, "KnowledgeGraphBuilder._get_concept_level": {"executed_lines": [438, 439, 440, 441, 442, 443, 444], "summary": {"covered_lines": 7, "num_statements": 7, "percent_covered": 100.0, "percent_covered_display": "100", "missing_lines": 0, "excluded_lines": 0, "percent_statements_covered": 100.0, "percent_statements_covered_display": "100"}, "missing_lines": [], "excluded_lines": [], "start_line": 436}, "KnowledgeGraphBuilder._infer_relation": {"executed_lines": [], "summary": {"covered_lines": 0, "num_statements": 2, "percent_covered": 0.0, "percent_covered_display": "0", "missing_lines": 2, "excluded_lines": 0, "percent_statements_covered": 0.0, "percent_statements_covered_display": "0"}, "missing_lines": [448, 459], "excluded_lines": [], "start_line": 446}, "KnowledgeGraphBuilder.build_commentary_spectrum": {"executed_lines": [465, 466, 470, 473, 474, 489, 490, 491, 492, 497, 502, 504], "summary": {"covered_lines": 12, "num_statements": 13, "percent_covered": 92.3076923076923, "percent_covered_display": "92", "missing_lines": 1, "excluded_lines": 0, "percent_statements_covered": 92.3076923076923, "percent_statements_covered_display": "92"}, "missing_lines": [471], "excluded_lines": [], "start_line": 463}, "KnowledgeGraphBuilder._cluster_commentaries": {"executed_lines": [514, 521, 522, 523, 532], "summary": {"covered_lines": 5, "num_statements": 5, "percent_covered": 100.0, "percent_covered_display": "100", "missing_lines": 0, "excluded_lines": 0, "percent_statements_covered": 100.0, "percent_statements_covered_display": "100"}, "missing_lines": [], "excluded_lines": [], "start_line": 512}, "KnowledgeGraphBuilder._generate_summary": {"executed_lines": [541, 542, 545, 548, 549, 551, 552, 553, 555], "summary": {"covered_lines": 9, "num_statements": 10, "percent_covered": 90.0, "percent_covered_display": "90", "missing_lines": 1, "excluded_lines": 0, "percent_statements_covered": 90.0, "percent_statements_covered_display": "90"}, "missing_lines": [543], "excluded_lines": [], "start_line": 539}, "get_chapter_knowledge_graph": {"executed_lines": [560, 561, 563], "summary": {"covered_lines": 3, "num_statements": 3, "percent_covered": 100.0, "percent_covered_display": "100", "missing_lines": 0, "excluded_lines": 0, "percent_statements_covered": 100.0, "percent_statements_covered_display": "100"}, "missing_lines": [], "excluded_lines": [], "start_line": 558}, "get_all_concepts": {"executed_lines": [571, 572, 574, 575, 576, 580, 581, 582, 590], "summary": {"covered_lines": 9, "num_statements": 9, "percent_covered": 100.0, "percent_covered_display": "100", "missing_lines": 0, "excluded_lines": 0, "percent_statements_covered": 100.0, "percent_statements_covered_display": "100"}, "missing_lines": [], "excluded_lines": [], "start_line": 569}, "": {"executed_lines": [7, 8, 9, 12, 16, 25, 34, 42, 101, 119, 123, 214, 217, 241, 286, 300, 328, 341, 353, 356, 362, 373, 436, 446, 463, 512, 539, 558, 569], "summary": {"covered_lines": 29, "num_statements": 29, "percent_covered": 100.0, "percent_covered_display": "100", "missing_lines": 0, "excluded_lines": 0, "percent_statements_covered": 100.0, "percent_statements_covered_display": "100"}, "missing_lines": [], "excluded_lines": [], "start_line": 1}}, "classes": {"ConceptExtractor": {"executed_lines": [35, 38, 44, 47, 48, 49, 52, 91, 92, 93, 96, 97, 99, 103, 104, 110, 111, 112, 113, 114, 116], "summary": {"covered_lines": 21, "num_statements": 21, "percent_covered": 100.0, "percent_covered_display": "100", "missing_lines": 0, "excluded_lines": 0, "percent_statements_covered": 100.0, "percent_statements_covered_display": "100"}, "missing_lines": [], "excluded_lines": [], "start_line": 12}, "CommentryAnalyzer": {"executed_lines": [215, 225, 227, 243, 246, 247, 280, 281, 282, 284, 288, 292, 293, 294, 295, 296, 297, 298, 306, 308, 309, 310, 311, 312, 313, 315, 316, 317, 326, 330, 334, 335, 336, 337, 339, 343, 345, 346, 347, 348], "summary": {"covered_lines": 40, "num_statements": 45, "percent_covered": 88.88888888888889, "percent_covered_display": "89", "missing_lines": 5, "excluded_lines": 0, "percent_statements_covered": 88.88888888888889, "percent_statements_covered_display": "89"}, "missing_lines": [244, 289, 331, 344, 350], "excluded_lines": [], "start_line": 119}, "KnowledgeGraphBuilder": {"executed_lines": [357, 358, 359, 360, 364, 365, 366, 367, 368, 375, 378, 379, 380, 383, 384, 385, 389, 390, 392, 393, 404, 405, 416, 417, 429, 438, 439, 440, 441, 442, 443, 444, 465, 466, 470, 473, 474, 489, 490, 491, 492, 497, 502, 504, 514, 521, 522, 523, 532, 541, 542, 545, 548, 549, 551, 552, 553, 555], "summary": {"covered_lines": 58, "num_statements": 69, "percent_covered": 84.05797101449275, "percent_covered_display": "84", "missing_lines": 11, "excluded_lines": 0, "percent_statements_covered": 84.05797101449275, "percent_statements_covered_display": "84"}, "missing_lines": [369, 370, 371, 376, 418, 419, 420, 448, 459, 471, 543], "excluded_lines": [], "start_line": 353}, "": {"executed_lines": [7, 8, 9, 12, 16, 25, 34, 42, 101, 119, 123, 214, 217, 241, 286, 300, 328, 341, 353, 356, 362, 373, 436, 446, 463, 512, 539, 558, 560, 561, 563, 569, 571, 572, 574, 575, 576, 580, 581, 582, 590], "summary": {"covered_lines": 41, "num_statements": 41, "percent_covered": 100.0, "percent_covered_display": "100", "missing_lines": 0, "excluded_lines": 0, "percent_statements_covered": 100.0, "percent_statements_covered_display": "100"}, "missing_lines": [], "excluded_lines": [], "start_line": 1}}}, "services\\semantic_archaeology.py": {"executed_lines": [7, 8, 9, 10, 13, 17, 45, 76, 77, 78, 80, 82, 83, 84, 85, 86, 91, 93, 94, 98, 99, 101, 109, 112, 113, 122, 123, 132, 137, 144, 148, 150, 157, 160, 161, 162, 164, 176, 178, 181, 182, 190, 192, 196, 198, 199, 207, 208, 216, 218, 221, 230, 232, 236, 237, 241, 242, 244, 247, 248, 260, 261, 273, 274, 286, 287, 298, 305, 307, 308, 311, 312, 313, 315, 316, 317, 318, 322, 324, 327, 329, 330, 337, 340, 342, 344, 349, 350, 352, 355, 356, 358, 360, 362, 364, 367, 368, 369, 371, 375, 376, 385, 389, 400], "summary": {"covered_lines": 104, "num_statements": 121, "percent_covered": 85.9504132231405, "percent_covered_display": "86", "missing_lines": 17, "excluded_lines": 0, "percent_statements_covered": 85.9504132231405, "percent_statements_covered_display": "86"}, "missing_lines": [87, 88, 89, 165, 320, 325, 331, 332, 334, 353, 365, 391, 392, 394, 402, 403, 405], "excluded_lines": [], "functions": {"SemanticArchaeology.__init__": {"executed_lines": [77, 78], "summary": {"covered_lines": 2, "num_statements": 2, "percent_covered": 100.0, "percent_covered_display": "100", "missing_lines": 0, "excluded_lines": 0, "percent_statements_covered": 100.0, "percent_statements_covered_display": "100"}, "missing_lines": [], "excluded_lines": [], "start_line": 76}, "SemanticArchaeology.load_data": {"executed_lines": [82, 83, 84, 85, 86], "summary": {"covered_lines": 5, "num_statements": 8, "percent_covered": 62.5, "percent_covered_display": "62", "missing_lines": 3, "excluded_lines": 0, "percent_statements_covered": 62.5, "percent_statements_covered_display": "62"}, "missing_lines": [87, 88, 89], "excluded_lines": [], "start_line": 80}, "SemanticArchaeology.analyze_text_evolution": {"executed_lines": [93, 94, 98, 99, 101, 109, 112, 113, 122, 123, 132, 137, 144, 148], "summary": {"covered_lines": 14, "num_statements": 14, "percent_covered": 100.0, "percent_covered_display": "100", "missing_lines": 0, "excluded_lines": 0, "percent_statements_covered": 100.0, "percent_statements_covered_display": "100"}, "missing_lines": [], "excluded_lines": [], "start_line": 91}, "SemanticArchaeology._detect_variants": {"executed_lines": [157, 160, 161, 162, 164, 176, 178, 181, 182, 190], "summary": {"covered_lines": 10, "num_statements": 11, "percent_covered": 90.9090909090909, "percent_covered_display": "91", "missing_lines": 1, "excluded_lines": 0, "percent_statements_covered": 90.9090909090909, "percent_statements_covered_display": "91"}, "missing_lines": [165], "excluded_lines": [], "start_line": 150}, "SemanticArchaeology._analyze_semantic_shifts": {"executed_lines": [196, 198, 199, 207, 208, 216], "summary": {"covered_lines": 6, "num_statements": 6, "percent_covered": 100.0, "percent_covered_display": "100", "missing_lines": 0, "excluded_lines": 0, "percent_statements_covered": 100.0, "percent_statements_covered_display": "100"}, "missing_lines": [], "excluded_lines": [], "start_line": 192}, "SemanticArchaeology.trace_concept_history": {"executed_lines": [221, 230], "summary": {"covered_lines": 2, "num_statements": 2, "percent_covered": 100.0, "percent_covered_display": "100", "missing_lines": 0, "excluded_lines": 0, "percent_statements_covered": 100.0, "percent_statements_covered_display": "100"}, "missing_lines": [], "excluded_lines": [], "start_line": 218}, "SemanticArchaeology.compare_interpretation_history": {"executed_lines": [236, 237, 241, 242, 244, 247, 248, 260, 261, 273, 274, 286, 287, 298], "summary": {"covered_lines": 14, "num_statements": 14, "percent_covered": 100.0, "percent_covered_display": "100", "missing_lines": 0, "excluded_lines": 0, "percent_statements_covered": 100.0, "percent_statements_covered_display": "100"}, "missing_lines": [], "excluded_lines": [], "start_line": 232}, "SemanticArchaeology._extract_interpretation": {"executed_lines": [307, 308, 311, 312, 313, 315, 316, 317, 318], "summary": {"covered_lines": 9, "num_statements": 10, "percent_covered": 90.0, "percent_covered_display": "90", "missing_lines": 1, "excluded_lines": 0, "percent_statements_covered": 90.0, "percent_statements_covered_display": "90"}, "missing_lines": [320], "excluded_lines": [], "start_line": 305}, "SemanticArchaeology._summarize_evolution": {"executed_lines": [324, 327, 329, 330], "summary": {"covered_lines": 4, "num_statements": 8, "percent_covered": 50.0, "percent_covered_display": "50", "missing_lines": 4, "excluded_lines": 0, "percent_statements_covered": 50.0, "percent_statements_covered_display": "50"}, "missing_lines": [325, 331, 332, 334], "excluded_lines": [], "start_line": 322}, "VectorSemanticAnalyzer.__init__": {"executed_lines": [342], "summary": {"covered_lines": 1, "num_statements": 1, "percent_covered": 100.0, "percent_covered_display": "100", "missing_lines": 0, "excluded_lines": 0, "percent_statements_covered": 100.0, "percent_statements_covered_display": "100"}, "missing_lines": [], "excluded_lines": [], "start_line": 340}, "VectorSemanticAnalyzer.calculate_semantic_distance": {"executed_lines": [349, 350, 352, 355, 356, 358], "summary": {"covered_lines": 6, "num_statements": 7, "percent_covered": 85.71428571428571, "percent_covered_display": "86", "missing_lines": 1, "excluded_lines": 0, "percent_statements_covered": 85.71428571428571, "percent_statements_covered_display": "86"}, "missing_lines": [353], "excluded_lines": [], "start_line": 344}, "VectorSemanticAnalyzer.detect_semantic_drift": {"executed_lines": [362, 364, 367, 368, 369, 371, 375, 376, 385], "summary": {"covered_lines": 9, "num_statements": 10, "percent_covered": 90.0, "percent_covered_display": "90", "missing_lines": 1, "excluded_lines": 0, "percent_statements_covered": 90.0, "percent_statements_covered_display": "90"}, "missing_lines": [365], "excluded_lines": [], "start_line": 360}, "get_chapter_archaeology": {"executed_lines": [], "summary": {"covered_lines": 0, "num_statements": 3, "percent_covered": 0.0, "percent_covered_display": "0", "missing_lines": 3, "excluded_lines": 0, "percent_statements_covered": 0.0, "percent_statements_covered_display": "0"}, "missing_lines": [391, 392, 394], "excluded_lines": [], "start_line": 389}, "get_concept_interpretation_history": {"executed_lines": [], "summary": {"covered_lines": 0, "num_statements": 3, "percent_covered": 0.0, "percent_covered_display": "0", "missing_lines": 3, "excluded_lines": 0, "percent_statements_covered": 0.0, "percent_statements_covered_display": "0"}, "missing_lines": [402, 403, 405], "excluded_lines": [], "start_line": 400}, "": {"executed_lines": [7, 8, 9, 10, 13, 17, 45, 76, 80, 91, 150, 192, 218, 232, 305, 322, 337, 340, 344, 360, 389, 400], "summary": {"covered_lines": 22, "num_statements": 22, "percent_covered": 100.0, "percent_covered_display": "100", "missing_lines": 0, "excluded_lines": 0, "percent_statements_covered": 100.0, "percent_statements_covered_display": "100"}, "missing_lines": [], "excluded_lines": [], "start_line": 1}}, "classes": {"SemanticArchaeology": {"executed_lines": [77, 78, 82, 83, 84, 85, 86, 93, 94, 98, 99, 101, 109, 112, 113, 122, 123, 132, 137, 144, 148, 157, 160, 161, 162, 164, 176, 178, 181, 182, 190, 196, 198, 199, 207, 208, 216, 221, 230, 236, 237, 241, 242, 244, 247, 248, 260, 261, 273, 274, 286, 287, 298, 307, 308, 311, 312, 313, 315, 316, 317, 318, 324, 327, 329, 330], "summary": {"covered_lines": 66, "num_statements": 75, "percent_covered": 88.0, "percent_covered_display": "88", "missing_lines": 9, "excluded_lines": 0, "percent_statements_covered": 88.0, "percent_statements_covered_display": "88"}, "missing_lines": [87, 88, 89, 165, 320, 325, 331, 332, 334], "excluded_lines": [], "start_line": 13}, "VectorSemanticAnalyzer": {"executed_lines": [342, 349, 350, 352, 355, 356, 358, 362, 364, 367, 368, 369, 371, 375, 376, 385], "summary": {"covered_lines": 16, "num_statements": 18, "percent_covered": 88.88888888888889, "percent_covered_display": "89", "missing_lines": 2, "excluded_lines": 0, "percent_statements_covered": 88.88888888888889, "percent_statements_covered_display": "89"}, "missing_lines": [353, 365], "excluded_lines": [], "start_line": 337}, "": {"executed_lines": [7, 8, 9, 10, 13, 17, 45, 76, 80, 91, 150, 192, 218, 232, 305, 322, 337, 340, 344, 360, 389, 400], "summary": {"covered_lines": 22, "num_statements": 28, "percent_covered": 78.57142857142857, "percent_covered_display": "79", "missing_lines": 6, "excluded_lines": 0, "percent_statements_covered": 78.57142857142857, "percent_statements_covered_display": "79"}, "missing_lines": [391, 392, 394, 402, 403, 405], "excluded_lines": [], "start_line": 1}}}, "services\\tts_service.py": {"executed_lines": [6, 8, 9, 12, 15, 16, 18, 30, 31, 32, 34, 35, 38, 41, 44, 46, 53, 54, 55, 57, 60, 61, 62, 64, 69, 71, 72, 74, 75, 79, 80, 86, 96, 97, 98, 99, 104, 107, 111, 118, 119, 122, 125, 126, 129, 134, 140, 141, 148, 149, 155, 165, 166, 167, 169, 170, 174, 175], "summary": {"covered_lines": 58, "num_statements": 63, "percent_covered": 92.06349206349206, "percent_covered_display": "92", "missing_lines": 5, "excluded_lines": 0, "percent_statements_covered": 92.06349206349206, "percent_statements_covered_display": "92"}, "missing_lines": [36, 100, 101, 120, 168], "excluded_lines": [], "functions": {"TTSService.__init__": {"executed_lines": [16], "summary": {"covered_lines": 1, "num_statements": 1, "percent_covered": 100.0, "percent_covered_display": "100", "missing_lines": 0, "excluded_lines": 0, "percent_statements_covered": 100.0, "percent_statements_covered_display": "100"}, "missing_lines": [], "excluded_lines": [], "start_line": 15}, "TTSService.validate_request": {"executed_lines": [30, 31, 32, 34, 35, 38], "summary": {"covered_lines": 6, "num_statements": 7, "percent_cove
[...]
ercent_statements_covered_display": "91"}, "missing_lines": [100, 101], "excluded_lines": [], "start_line": 41}, "EdgeTTSService": {"executed_lines": [118, 119, 122, 125, 126, 129, 134, 140, 141, 148, 149, 155, 165, 166, 167, 169, 170], "summary": {"covered_lines": 17, "num_statements": 19, "percent_covered": 89.47368421052632, "percent_covered_display": "89", "missing_lines": 2, "excluded_lines": 0, "percent_statements_covered": 89.47368421052632, "percent_statements_covered_display": "89"}, "missing_lines": [120, 168], "excluded_lines": [], "start_line": 104}, "": {"executed_lines": [6, 8, 9, 12, 15, 18, 41, 44, 46, 104, 107, 111, 174, 175], "summary": {"covered_lines": 14, "num_statements": 14, "percent_covered": 100.0, "percent_covered_display": "100", "missing_lines": 0, "excluded_lines": 0, "percent_statements_covered": 100.0, "percent_statements_covered_display": "100"}, "missing_lines": [], "excluded_lines": [], "start_line": 1}}}, "services\\user_service.py": {"executed_lines": [], "summary": {"covered_lines": 0, "num_statements": 69, "percent_covered": 0.0, "percent_covered_display": "0", "missing_lines": 69, "excluded_lines": 0, "percent_statements_covered": 0.0, "percent_statements_covered_display": "0"}, "missing_lines": [6, 7, 8, 10, 11, 12, 15, 21, 24, 26, 39, 40, 43, 46, 47, 55, 57, 59, 71, 72, 73, 76, 77, 80, 82, 90, 100, 101, 102, 105, 112, 122, 123, 124, 126, 127, 128, 129, 130, 132, 133, 134, 135, 137, 139, 140, 141, 142, 144, 146, 147, 151, 152, 154, 156, 158, 160, 162, 164, 165, 171, 173, 175, 177, 181, 184, 188, 189, 191], "excluded_lines": [], "functions": {"UserService.__init__": {"executed_lines": [], "summary": {"covered_lines": 0, "num_statements": 1, "percent_covered": 0.0, "percent_covered_display": "0", "missing_lines": 1, "excluded_lines": 0, "percent_statements_covered": 0.0, "percent_statements_covered_display": "0"}, "missing_lines": [24], "excluded_lines": [], "start_line": 21}, "UserService.register_user": {"executed_lines": [], "summary": {"covered_lines": 0, "num_statements": 7, "percent_covered": 0.0, "percent_covered_display": "0", "missing_lines": 7, "excluded_lines": 0, "percent_statements_covered": 0.0, "percent_statements_covered_display": "0"}, "missing_lines": [39, 40, 43, 46, 47, 55, 57], "excluded_lines": [], "start_line": 26}, "UserService.login_user": {"executed_lines": [], "summary": {"covered_lines": 0, "num_statements": 7, "percent_covered": 0.0, "percent_covered_display": "0", "missing_lines": 7, "excluded_lines": 0, "percent_statements_covered": 0.0, "percent_statements_covered_display": "0"}, "missing_lines": [71, 72, 73, 76, 77, 80, 82], "excluded_lines": [], "start_line": 59}, "UserService.get_user_by_id": {"executed_lines": [], "summary": {"covered_lines": 0, "num_statements": 4, "percent_covered": 0.0, "percent_covered_display": "0", "missing_lines": 4, "excluded_lines": 0, "percent_statements_covered": 0.0, "percent_statements_covered_display": "0"}, "missing_lines": [100, 101, 102, 105], "excluded_lines": [], "start_line": 90}, "UserService.verify_token": {"executed_lines": [], "summary": {"covered_lines": 0, "num_statements": 12, "percent_covered": 0.0, "percent_covered_display": "0", "missing_lines": 12, "excluded_lines": 0, "percent_statements_covered": 0.0, "percent_statements_covered_display": "0"}, "missing_lines": [122, 123, 124, 126, 127, 128, 129, 130, 132, 133, 134, 135], "excluded_lines": [], "start_line": 112}, "UserService._user_exists": {"executed_lines": [], "summary": {"covered_lines": 0, "num_statements": 4, "percent_covered": 0.0, "percent_covered_display": "0", "missing_lines": 4, "excluded_lines": 0, "percent_statements_covered": 0.0, "percent_statements_covered_display": "0"}, "missing_lines": [139, 140, 141, 142], "excluded_lines": [], "start_line": 137}, "UserService._find_user": {"executed_lines": [], "summary": {"covered_lines": 0, "num_statements": 4, "percent_covered": 0.0, "percent_covered_display": "0", "missing_lines": 4, "excluded_lines": 0, "percent_statements_covered": 0.0, "percent_statements_covered_display": "0"}, "missing_lines": [146, 147, 151, 152], "excluded_lines": [], "start_line": 144}, "UserService._hash_password": {"executed_lines": [], "summary": {"covered_lines": 0, "num_statements": 1, "percent_covered": 0.0, "percent_covered_display": "0", "missing_lines": 1, "excluded_lines": 0, "percent_statements_covered": 0.0, "percent_statements_covered_display": "0"}, "missing_lines": [156], "excluded_lines": [], "start_line": 154}, "UserService._verify_password": {"executed_lines": [], "summary": {"covered_lines": 0, "num_statements": 1, "percent_covered": 0.0, "percent_covered_display": "0", "missing_lines": 1, "excluded_lines": 0, "percent_statements_covered": 0.0, "percent_statements_covered_display": "0"}, "missing_lines": [160], "excluded_lines": [], "start_line": 158}, "UserService._generate_token": {"executed_lines": [], "summary": {"covered_lines": 0, "num_statements": 3, "percent_covered": 0.0, "percent_covered_display": "0", "missing_lines": 3, "excluded_lines": 0, "percent_statements_covered": 0.0, "percent_statements_covered_display": "0"}, "missing_lines": [164, 165, 171], "excluded_lines": [], "start_line": 162}, "UserService._get_timestamp": {"executed_lines": [], "summary": {"covered_lines": 0, "num_statements": 2, "percent_covered": 0.0, "percent_covered_display": "0", "missing_lines": 2, "excluded_lines": 0, "percent_statements_covered": 0.0, "percent_statements_covered_display": "0"}, "missing_lines": [175, 177], "excluded_lines": [], "start_line": 173}, "get_user_service": {"executed_lines": [], "summary": {"covered_lines": 0, "num_statements": 3, "percent_covered": 0.0, "percent_covered_display": "0", "missing_lines": 3, "excluded_lines": 0, "percent_statements_covered": 0.0, "percent_statements_covered_display": "0"}, "missing_lines": [188, 189, 191], "excluded_lines": [], "start_line": 184}, "": {"executed_lines": [], "summary": {"covered_lines": 0, "num_statements": 20, "percent_covered": 0.0, "percent_covered_display": "0", "missing_lines": 20, "excluded_lines": 0, "percent_statements_covered": 0.0, "percent_statements_covered_display": "0"}, "missing_lines": [6, 7, 8, 10, 11, 12, 15, 21, 26, 59, 90, 112, 137, 144, 154, 158, 162, 173, 181, 184], "excluded_lines": [], "start_line": 1}}, "classes": {"UserService": {"executed_lines": [], "summary": {"covered_lines": 0, "num_statements": 46, "percent_covered": 0.0, "percent_covered_display": "0", "missing_lines": 46, "excluded_lines": 0, "percent_statements_covered": 0.0, "percent_statements_covered_display": "0"}, "missing_lines": [24, 39, 40, 43, 46, 47, 55, 57, 71, 72, 73, 76, 77, 80, 82, 100, 101, 102, 105, 122, 123, 124, 126, 127, 128, 129, 130, 132, 133, 134, 135, 139, 140, 141, 142, 146, 147, 151, 152, 156, 160, 164, 165, 171, 175, 177], "excluded_lines": [], "start_line": 15}, "": {"executed_lines": [], "summary": {"covered_lines": 0, "num_statements": 23, "percent_covered": 0.0, "percent_covered_display": "0", "missing_lines": 23, "excluded_lines": 0, "percent_statements_covered": 0.0, "percent_statements_covered_display": "0"}, "missing_lines": [6, 7, 8, 10, 11, 12, 15, 21, 26, 59, 90, 112, 137, 144, 154, 158, 162, 173, 181, 184, 188, 189, 191], "excluded_lines": [], "start_line": 1}}}, "services\\virtual_commentator.py": {"executed_lines": [7, 8, 9, 12, 13, 16, 17, 18, 19, 20, 21, 22, 26, 129, 132, 133, 134, 135, 137, 139, 140, 141, 145, 147, 148, 152, 153, 155, 156, 170, 171, 172, 173, 174, 175, 187, 189, 197, 200, 201, 202, 205, 209, 213, 227, 228, 231, 235, 243, 245, 248, 258, 259, 262, 263, 264, 267, 277, 278, 283, 292, 294, 303, 316, 326, 328, 330, 332, 334, 336, 340, 347, 348, 349, 350, 362, 364, 371, 379, 384, 387, 388, 389, 390, 392, 396, 403, 410, 418, 421, 424, 426, 427, 435, 437, 438, 439, 449, 452, 454, 455, 456, 466, 469, 476, 477, 480, 481, 485, 489, 493, 507, 508, 511, 529, 545, 551, 564, 572], "summary": {"covered_lines": 119, "num_statements": 141, "percent_covered": 84.39716312056737, "percent_covered_display": "84", "missing_lines": 22, "excluded_lines": 0, "percent_statements_covered": 84.39716312056737, "percent_statements_covered_display": "84"}, "missing_lines": [142, 143, 210, 281, 301, 311, 312, 314, 324, 428, 429, 431, 482, 490, 547, 548, 558, 559, 568, 569, 574, 575], "excluded_lines": [], "functions": {"VirtualCommentator.__init__": {"executed_lines": [133, 134, 135], "summary": {"covered_lines": 3, "num_statements": 3, "percent_covered": 100.0, "percent_covered_display": "100", "missing_lines": 0, "excluded_lines": 0, "percent_statements_covered": 100.0, "percent_statements_covered_display": "100"}, "missing_lines": [], "excluded_lines": [], "start_line": 132}, "VirtualCommentator.load_data": {"executed_lines": [139, 140, 141], "summary": {"covered_lines": 3, "num_statements": 5, "percent_covered": 60.0, "percent_covered_display": "60", "missing_lines": 2, "excluded_lines": 0, "percent_statements_covered": 60.0, "percent_statements_covered_display": "60"}, "missing_lines": [142, 143], "excluded_lines": [], "start_line": 137}, "VirtualCommentator.get_available_commentators": {"executed_lines": [147, 148, 152, 153, 155, 156, 170, 171, 172, 173, 174, 175, 187], "summary": {"covered_lines": 13, "num_statements": 13, "percent_covered": 100.0, "percent_covered_display": "100", "missing_lines": 0, "excluded_lines": 0, "percent_statements_covered": 100.0, "percent_statements_covered_display": "100"}, "missing_lines": [], "excluded_lines": [], "start_line": 145}, "VirtualCommentator.chat_with_commentator": {"executed_lines": [197, 200, 201, 202, 205, 209, 213, 227, 228, 231, 235], "summary": {"covered_lines": 11, "num_statements": 12, "percent_covered": 91.66666666666667, "percent_covered_display": "92", "missing_lines": 1, "excluded_lines": 0, "percent_statements_covered": 91.66666666666667, "percent_statements_covered_display": "92"}, "missing_lines": [210], "excluded_lines": [], "start_line": 189}, "VirtualCommentator._classify_question": {"executed_lines": [245, 248, 258, 259, 262, 263, 264, 267, 277, 278], "summary": {"covered_lines": 10, "num_statements": 11, "percent_covered": 90.9090909090909, "percent_covered_display": "91", "missing_lines": 1, "excluded_lines": 0, "percent_statements_covered": 90.9090909090909, "percent_statements_covered_display": "91"}, "missing_lines": [281], "excluded_lines": [], "start_line": 243}, "VirtualCommentator._generate_response": {"executed_lines": [292], "summary": {"covered_lines": 1, "num_statements": 1, "percent_covered": 100.0, "percent_covered_display": "100", "missing_lines": 0, "excluded_lines": 0, "percent_statements_covered": 100.0, "percent_statements_covered_display": "100"}, "missing_lines": [], "excluded_lines": [], "start_line": 283}, "VirtualCommentator._respond_comparison": {"executed_lines": [], "summary": {"covered_lines": 0, "num_statements": 1, "percent_covered": 0.0, "percent_covered_display": "0", "missing_lines": 1, "excluded_lines": 0, "percent_statements_covered": 0.0, "percent_statements_covered_display": "0"}, "missing_lines": [301], "excluded_lines": [], "start_line": 294}, "VirtualCommentator._respond_practice": {"executed_lines": [], "summary": {"covered_lines": 0, "num_statements": 3, "percent_covered": 0.0, "percent_covered_display": "0", "missing_lines": 3, "excluded_lines": 0, "percent_statements_covered": 0.0, "percent_statements_covered_display": "0"}, "missing_lines": [311, 312, 314], "excluded_lines": [], "start_line": 303}, "VirtualCommentator._respond_general": {"executed_lines": [], "summary": {"covered_lines": 0, "num_statements": 1, "percent_covered": 0.0, "percent_covered_display": "0", "missing_lines": 1, "excluded_lines": 0, "percent_statements_covered": 0.0, "percent_statements_covered_display": "0"}, "missing_lines": [324], "excluded_lines": [], "start_line": 316}, "VirtualCommentator._error_response": {"executed_lines": [328], "summary": {"covered_lines": 1, "num_statements": 1, "percent_covered": 100.0, "percent_covered_display": "100", "missing_lines": 0, "excluded_lines": 0, "percent_statements_covered": 100.0, "percent_statements_covered_display": "100"}, "missing_lines": [], "excluded_lines": [], "start_line": 326}, "VirtualCommentator._get_timestamp": {"executed_lines": [332, 334], "summary": {"covered_lines": 2, "num_statements": 2, "percent_covered": 100.0, "percent_covered_display": "100", "missing_lines": 0, "excluded_lines": 0, "percent_statements_covered": 100.0, "percent_statements_covered_display": "100"}, "missing_lines": [], "excluded_lines": [], "start_line": 330}, "VirtualCommentator.initiate_debate": {"executed_lines": [340, 347, 348, 349, 350, 362], "summary": {"covered_lines": 6, "num_statements": 6, "percent_covered": 100.0, "percent_covered_display": "100", "missing_lines": 0, "excluded_lines": 0, "percent_statements_covered": 100.0, "percent_statements_covered_display": "100"}, "missing_lines": [], "excluded_lines": [], "start_line": 336}, "VirtualCommentator._generate_opening_statement": {"executed_lines": [371, 379], "summary": {"covered_lines": 2, "num_statements": 2, "percent_covered": 100.0, "percent_covered_display": "100", "missing_lines": 0, "excluded_lines": 0, "percent_statements_covered": 100.0, "percent_statements_covered_display": "100"}, "missing_lines": [], "excluded_lines": [], "start_line": 364}, "SocraticDialogue.__init__": {"executed_lines": [388, 389, 390], "summary": {"covered_lines": 3, "num_statements": 3, "percent_covered": 100.0, "percent_covered_display": "100", "missing_lines": 0, "excluded_lines": 0, "percent_statements_covered": 100.0, "percent_statements_covered_display": "100"}, "missing_lines": [], "excluded_lines": [], "start_line": 387}, "SocraticDialogue.start_dialogue": {"executed_lines": [396, 403, 410], "summary": {"covered_lines": 3, "num_statements": 3, "percent_covered": 100.0, "percent_covered_display": "100", "missing_lines": 0, "excluded_lines": 0, "percent_statements_covered": 100.0, "percent_statements_covered_display": "100"}, "missing_lines": [], "excluded_lines": [], "start_line": 392}, "SocraticDialogue.follow_up_question": {"executed_lines": [421, 424, 426, 427], "summary": {"covered_lines": 4, "num_statements": 7, "percent_covered": 57.142857142857146, "percent_covered_display": "57", "missing_lines": 3, "excluded_lines": 0, "percent_statements_covered": 57.142857142857146, "percent_statements_covered_display": "57"}, "missing_lines": [428, 429, 431], "excluded_lines": [], "start_line": 418}, "get_available_commentators": {"executed_lines": [437, 438, 439, 449], "summary": {"covered_lines": 4, "num_statements": 4, "percent_covered": 100.0, "percent_covered_display": "100", "missing_lines": 0, "excluded_lines": 0, "percent_statements_covered": 100.0, "percent_statements_covered_display": "100"}, "missing_lines": [], "excluded_lines": [], "start_line": 435}, "get_commentator_persona": {"executed_lines": [454, 455, 456, 466], "summary": {"covered_lines": 4, "num_statements": 4, "percent_covered": 100.0, "percent_covered_display": "100", "missing_lines": 0, "excluded_lines": 0, "percent_statements_covered": 100.0, "percent_statements_covered_display": "100"}, "missing_lines": [], "excluded_lines": [], "start_line": 452}, "generate_commentary_response": {"executed_lines": [476, 477, 480, 481, 485, 489, 493, 507, 508, 511, 529], "summary": {"covered_lines": 11, "num_statements": 13, "percent_covered": 84.61538461538461, "percent_covered_display": "85", "missing_lines": 2, "excluded_lines": 0, "percent_statements_covered": 84.61538461538461, "percent_statements_covered_display": "85"}, "missing_lines": [482, 490], "excluded_lines": [], "start_line": 469}, "get_commentator_list": {"executed_lines": [], "summary": {"covered_lines": 0, "num_statements": 2, "percent_covered": 0.0, "percent_covered_display": "0", "missing_lines": 2, "excluded_lines": 0, "percent_statements_covered": 0.0, "percent_statements_covered_display": "0"}, "missing_lines": [547, 548], "excluded_lines": [], "start_line": 545}, "chat_with_commentator": {"executed_lines": [], "summary": {"covered_lines": 0, "num_statements": 2, "percent_covered": 0.0, "percent_covered_display": "0", "missing_lines": 2, "excluded_lines": 0, "percent_statements_covered": 0.0, "percent_statements_covered_display": "0"}, "missing_lines": [558, 559], "excluded_lines": [], "start_line": 551}, "start_commentator_debate": {"executed_lines": [], "summary": {"covered_lines": 0, "num_statements": 2, "percent_covered": 0.0, "percent_covered_display": "0", "missing_lines": 2, "excluded_lines": 0, "percent_statements_covered": 0.0, "percent_statements_covered_display": "0"}, "missing_lines": [568, 569], "excluded_lines": [], "start_line": 564}, "start_socratic_dialogue": {"executed_lines": [], "summary": {"covered_lines": 0, "num_statements": 2, "percent_covered": 0.0, "percent_covered_display": "0", "missing_lines": 2, "excluded_lines": 0, "percent_statements_covered": 0.0, "percent_statements_covered_display": "0"}, "missing_lines": [574, 575], "excluded_lines": [], "start_line": 572}, "": {"executed_lines": [7, 8, 9, 12, 13, 16, 17, 18, 19, 20, 21, 22, 26, 129, 132, 137, 145, 189, 243, 283, 294, 303, 316, 326, 330, 336, 364, 384, 387, 392, 418, 435, 452, 469, 545, 551, 564, 572], "summary": {"covered_lines": 38, "num_statements": 38, "percent_covered": 100.0, "percent_covered_display": "100", "missing_lines": 0, "excluded_lines": 0, "percent_statements_covered": 100.0, "percent_statements_covered_display": "100"}, "missing_lines": [], "excluded_lines": [], "start_line": 1}}, "classes": {"CommentaryPersona": {"executed_lines": [], "summary": {"covered_lines": 0, "num_statements": 0, "percent_covered": 100.0, "percent_covered_display": "100", "missing_lines": 0, "excluded_lines": 0, "percent_statements_covered": 100.0, "percent_statements_covered_display": "100"}, "missing_lines": [], "excluded_lines": [], "start_line": 13}, "VirtualCommentator": {"executed_lines": [133, 134, 135, 139, 140, 141, 147, 148, 152, 153, 155, 156, 170, 171, 172, 173, 174, 175, 187, 197, 200, 201, 202, 205, 209, 213, 227, 228, 231, 235, 245, 248, 258, 259, 262, 263, 264, 267, 277, 278, 292, 328, 332, 334, 340, 347, 348, 349, 350, 362, 371, 379], "summary": {"covered_lines": 52, "num_statements": 61, "percent_covered": 85.24590163934427, "percent_covered_display": "85", "missing_lines": 9, "excluded_lines": 0, "percent_statements_covered": 85.24590163934427, "percent_statements_covered_display": "85"}, "missing_lines": [142, 143, 210, 281, 301, 311, 312, 314, 324], "excluded_lines": [], "start_line": 129}, "SocraticDialogue": {"executed_lines": [388, 389, 390, 396, 403, 410, 421, 424, 426, 427], "summary": {"covered_lines": 10, "num_statements": 13, "percent_covered": 76.92307692307692, "percent_covered_display": "77", "missing_lines": 3, "excluded_lines": 0, "percent_statements_covered": 76.92307692307692, "percent_statements_covered_display": "77"}, "missing_lines": [428, 429, 431], "excluded_lines": [], "start_line": 384}, "": {"executed_lines": [7, 8, 9, 12, 13, 16, 17, 18, 19, 20, 21, 22, 26, 129, 132, 137, 145, 189, 243, 283, 294, 303, 316, 326, 330, 336, 364, 384, 387, 392, 418, 435, 437, 438, 439, 449, 452, 454, 455, 456, 466, 469, 476, 477, 480, 481, 485, 489, 493, 507, 508, 511, 529, 545, 551, 564, 572], "summary": {"covered_lines": 57, "num_statements": 67, "percent_covered": 85.07462686567165, "percent_covered_display": "85", "missing_lines": 10, "excluded_lines": 0, "percent_statements_covered": 85.07462686567165, "percent_statements_covered_display": "85"}, "missing_lines": [482, 490, 547, 548, 558, 559, 568, 569, 574, 575], "excluded_lines": [], "start_line": 1}}}}, "totals": {"covered_lines": 1001, "num_statements": 1372, "percent_covered": 72.95918367346938, "percent_covered_display": "73", "missing_lines": 371, "excluded_lines": 0, "percent_statements_covered": 72.95918367346938, "percent_statements_covered_display": "73"}}
